This is pdfTeX, Version 3.141592653-2.6-1.40.29 (MiKTeX 26.5) (preloaded format=pdflatex 2026.6.22)  10 JUL 2026 13:43
entering extended mode
 restricted \write18 enabled.
 %&-line parsing enabled.
**./1rBAT_Teoria_ExponencialsLogaritmes.tex
(1rBAT_Teoria_ExponencialsLogaritmes.tex
LaTeX2e <2026-06-01>
L3 programming layer <2026-05-26>
(C:\Users\jotav\AppData\Local\Programs\MiKTeX\tex/latex/beamer\beamer.cls
Document Class: beamer 2026/01/22 v3.77 A class for typesetting presentations

(C:\Users\jotav\AppData\Local\Programs\MiKTeX\tex/latex/beamer\beamerbasemodes.
sty
(C:\Users\jotav\AppData\Local\Programs\MiKTeX\tex/latex/etoolbox\etoolbox.sty
Package: etoolbox 2025/10/02 v2.5m e-TeX tools for LaTeX (JAW)
\etb@tempcnta=\count276
)
\beamer@tempbox=\box53
\beamer@tempcount=\count277
\c@beamerpauses=\count278

(C:\Users\jotav\AppData\Local\Programs\MiKTeX\tex/latex/beamer\beamerbasedecode
.sty
\beamer@slideinframe=\count279
\beamer@minimum=\count280
\beamer@decode@box=\box54
)
\beamer@commentbox=\box55
\beamer@modecount=\count281
)
(C:\Users\jotav\AppData\Local\Programs\MiKTeX\tex/generic/iftex\iftex.sty
Package: iftex 2024/12/12 v1.0g TeX engine tests
)
\headdp=\dimen150
\footheight=\dimen151
\sidebarheight=\dimen152
\beamer@tempdim=\dimen153
\beamer@finalheight=\dimen154
\beamer@animht=\dimen155
\beamer@animdp=\dimen156
\beamer@animwd=\dimen157
\beamer@leftmargin=\dimen158
\beamer@rightmargin=\dimen159
\beamer@leftsidebar=\dimen160
\beamer@rightsidebar=\dimen161
\beamer@boxsize=\dimen162
\beamer@vboxoffset=\dimen163
\beamer@descdefault=\dimen164
\beamer@descriptionwidth=\dimen165
\beamer@lastskip=\skip49
\beamer@areabox=\box56
\beamer@animcurrent=\box57
\beamer@animshowbox=\box58
\beamer@sectionbox=\box59
\beamer@logobox=\box60
\beamer@linebox=\box61
\beamer@sectioncount=\count282
\beamer@subsubsectionmax=\count283
\beamer@subsectionmax=\count284
\beamer@sectionmax=\count285
\beamer@totalheads=\count286
\beamer@headcounter=\count287
\beamer@partstartpage=\count288
\beamer@sectionstartpage=\count289
\beamer@subsectionstartpage=\count290
\beamer@animationtempa=\count291
\beamer@animationtempb=\count292
\beamer@xpos=\count293
\beamer@ypos=\count294
\beamer@ypos@offset=\count295
\beamer@showpartnumber=\count296
\beamer@currentsubsection=\count297
\beamer@coveringdepth=\count298
\beamer@sectionadjust=\count299
\beamer@toclastsection=\count300
\beamer@tocsectionnumber=\count301

(C:\Users\jotav\AppData\Local\Programs\MiKTeX\tex/latex/beamer\beamerbaseoption
s.sty
(C:\Users\jotav\AppData\Local\Programs\MiKTeX\tex/latex/graphics\keyval.sty
Package: keyval 2026-05-17 v1.15 key=value parser (DPC)
\KV@toks@=\toks17
))
\beamer@paperwidth=\skip50
\beamer@paperheight=\skip51

(C:\Users\jotav\AppData\Local\Programs\MiKTeX\tex/latex/geometry\geometry.sty
Package: geometry 2026/03/07 v6.0 Page Geometry

(C:\Users\jotav\AppData\Local\Programs\MiKTeX\tex/generic/iftex\ifvtex.sty
Package: ifvtex 2019/10/25 v1.7 ifvtex legacy package. Use iftex instead.
)
\Gm@cnth=\count302
\Gm@cntv=\count303
\c@Gm@tempcnt=\count304
\Gm@bindingoffset=\dimen166
\Gm@wd@mp=\dimen167
\Gm@odd@mp=\dimen168
\Gm@even@mp=\dimen169
\Gm@layoutwidth=\dimen170
\Gm@layoutheight=\dimen171
\Gm@layouthoffset=\dimen172
\Gm@layoutvoffset=\dimen173
\Gm@dimlist=\toks18

(C:\Users\jotav\AppData\Local\Programs\MiKTeX\tex/latex/geometry\geometry.cfg))
(C:\Users\jotav\AppData\Local\Programs\MiKTeX\tex/latex/pgf/math\pgfmath.sty
(C:\Users\jotav\AppData\Local\Programs\MiKTeX\tex/latex/pgf/utilities\pgfrcs.st
y
(C:\Users\jotav\AppData\Local\Programs\MiKTeX\tex/generic/pgf/utilities\pgfutil
-common.tex
\pgfutil@everybye=\toks19
\pgfutil@tempdima=\dimen174
\pgfutil@tempdimb=\dimen175
)
(C:\Users\jotav\AppData\Local\Programs\MiKTeX\tex/generic/pgf/utilities\pgfutil
-latex.def
\pgfutil@abb=\box62
)
(C:\Users\jotav\AppData\Local\Programs\MiKTeX\tex/generic/pgf/utilities\pgfrcs.
code.tex
(C:\Users\jotav\AppData\Local\Programs\MiKTeX\tex/generic/pgf\pgf.revision.tex)
Package: pgfrcs 2025-08-29 v3.1.11a (3.1.11a)
))
(C:\Users\jotav\AppData\Local\Programs\MiKTeX\tex/latex/pgf/utilities\pgfkeys.s
ty
(C:\Users\jotav\AppData\Local\Programs\MiKTeX\tex/generic/pgf/utilities\pgfkeys
.code.tex
\pgfkeys@pathtoks=\toks20
\pgfkeys@temptoks=\toks21

(C:\Users\jotav\AppData\Local\Programs\MiKTeX\tex/generic/pgf/utilities\pgfkeys
libraryfiltered.code.tex
\pgfkeys@tmptoks=\toks22
)))
(C:\Users\jotav\AppData\Local\Programs\MiKTeX\tex/generic/pgf/math\pgfmath.code
.tex
(C:\Users\jotav\AppData\Local\Programs\MiKTeX\tex/generic/pgf/math\pgfmathutil.
code.tex
\pgf@x=\dimen176
\pgf@xa=\dimen177
\pgf@xb=\dimen178
\pgf@xc=\dimen179
\pgf@y=\dimen180
\pgf@ya=\dimen181
\pgf@yb=\dimen182
\pgf@yc=\dimen183
\c@pgf@counta=\count305
\c@pgf@countb=\count306
\c@pgf@countc=\count307
\c@pgf@countd=\count308
)
(C:\Users\jotav\AppData\Local\Programs\MiKTeX\tex/generic/pgf/math\pgfmathparse
r.code.tex
\pgfmath@dimen=\dimen184
\pgfmath@count=\count309
\pgfmath@box=\box63
\pgfmath@toks=\toks23
\pgfmath@stack@operand=\toks24
\pgfmath@stack@operation=\toks25
)
(C:\Users\jotav\AppData\Local\Programs\MiKTeX\tex/generic/pgf/math\pgfmathfunct
ions.code.tex)
(C:\Users\jotav\AppData\Local\Programs\MiKTeX\tex/generic/pgf/math\pgfmathfunct
ions.basic.code.tex)
(C:\Users\jotav\AppData\Local\Programs\MiKTeX\tex/generic/pgf/math\pgfmathfunct
ions.trigonometric.code.tex)
(C:\Users\jotav\AppData\Local\Programs\MiKTeX\tex/generic/pgf/math\pgfmathfunct
ions.random.code.tex)
(C:\Users\jotav\AppData\Local\Programs\MiKTeX\tex/generic/pgf/math\pgfmathfunct
ions.comparison.code.tex)
(C:\Users\jotav\AppData\Local\Programs\MiKTeX\tex/generic/pgf/math\pgfmathfunct
ions.base.code.tex)
(C:\Users\jotav\AppData\Local\Programs\MiKTeX\tex/generic/pgf/math\pgfmathfunct
ions.round.code.tex)
(C:\Users\jotav\AppData\Local\Programs\MiKTeX\tex/generic/pgf/math\pgfmathfunct
ions.misc.code.tex)
(C:\Users\jotav\AppData\Local\Programs\MiKTeX\tex/generic/pgf/math\pgfmathfunct
ions.integerarithmetics.code.tex)
(C:\Users\jotav\AppData\Local\Programs\MiKTeX\tex/generic/pgf/math\pgfmathcalc.
code.tex)
(C:\Users\jotav\AppData\Local\Programs\MiKTeX\tex/generic/pgf/math\pgfmathfloat
.code.tex
\c@pgfmathroundto@lastzeros=\count310
)))
(C:\Users\jotav\AppData\Local\Programs\MiKTeX\tex/latex/base\size11.clo
File: size11.clo 2025/01/22 v1.4n Standard LaTeX file (size option)
)
(C:\Users\jotav\AppData\Local\Programs\MiKTeX\tex/latex/pgf/basiclayer\pgfcore.
sty
(C:\Users\jotav\AppData\Local\Programs\MiKTeX\tex/latex/graphics\graphicx.sty
Package: graphicx 2026-05-17 v1.2e Enhanced LaTeX Graphics (DPC,SPQR)

(C:\Users\jotav\AppData\Local\Programs\MiKTeX\tex/latex/graphics\graphics.sty
Package: graphics 2026-05-17 v1.4h Standard LaTeX Graphics (DPC,SPQR)

(C:\Users\jotav\AppData\Local\Programs\MiKTeX\tex/latex/graphics\trig.sty
Package: trig 2023/12/02 v1.11 sin cos tan (DPC)
)
(C:\Users\jotav\AppData\Local\Programs\MiKTeX\tex/latex/graphics-cfg\graphics.c
fg
File: graphics.cfg 2016/06/04 v1.11 sample graphics configuration
)
Package graphics Info: Driver file: pdftex.def on input line 106.

(C:\Users\jotav\AppData\Local\Programs\MiKTeX\tex/latex/graphics-def\pdftex.def
File: pdftex.def 2025/09/29 v1.2d Graphics/color driver for pdftex
))
\Gin@req@height=\dimen185
\Gin@req@width=\dimen186
)
(C:\Users\jotav\AppData\Local\Programs\MiKTeX\tex/latex/pgf/systemlayer\pgfsys.
sty
(C:\Users\jotav\AppData\Local\Programs\MiKTeX\tex/generic/pgf/systemlayer\pgfsy
s.code.tex
Package: pgfsys 2025-08-29 v3.1.11a (3.1.11a)
\pgf@x=\dimen187
\pgf@y=\dimen188
\pgf@xa=\dimen189
\pgf@ya=\dimen190
\pgf@xb=\dimen191
\pgf@yb=\dimen192
\pgf@xc=\dimen193
\pgf@yc=\dimen194
\pgf@xd=\dimen195
\pgf@yd=\dimen196
\w@pgf@writea=\write3
\r@pgf@reada=\read2
\c@pgf@counta=\count311
\c@pgf@countb=\count312
\c@pgf@countc=\count313
\c@pgf@countd=\count314
\t@pgf@toka=\toks26
\t@pgf@tokb=\toks27
\t@pgf@tokc=\toks28
\pgf@sys@id@count=\count315

(C:\Users\jotav\AppData\Local\Programs\MiKTeX\tex/generic/pgf/systemlayer\pgf.c
fg
File: pgf.cfg 2025-08-29 v3.1.11a (3.1.11a)
)
Driver file for pgf: pgfsys-pdftex.def

(C:\Users\jotav\AppData\Local\Programs\MiKTeX\tex/generic/pgf/systemlayer\pgfsy
s-pdftex.def
File: pgfsys-pdftex.def 2025-08-29 v3.1.11a (3.1.11a)

(C:\Users\jotav\AppData\Local\Programs\MiKTeX\tex/generic/pgf/systemlayer\pgfsy
s-common-pdf.def
File: pgfsys-common-pdf.def 2025-08-29 v3.1.11a (3.1.11a)
)))
(C:\Users\jotav\AppData\Local\Programs\MiKTeX\tex/generic/pgf/systemlayer\pgfsy
ssoftpath.code.tex
File: pgfsyssoftpath.code.tex 2025-08-29 v3.1.11a (3.1.11a)
\pgfsyssoftpath@smallbuffer@items=\count316
\pgfsyssoftpath@bigbuffer@items=\count317
)
(C:\Users\jotav\AppData\Local\Programs\MiKTeX\tex/generic/pgf/systemlayer\pgfsy
sprotocol.code.tex
File: pgfsysprotocol.code.tex 2025-08-29 v3.1.11a (3.1.11a)
))
(C:\Users\jotav\AppData\Local\Programs\MiKTeX\tex/latex/xcolor\xcolor.sty
Package: xcolor 2024/09/29 v3.02 LaTeX color extensions (UK)

(C:\Users\jotav\AppData\Local\Programs\MiKTeX\tex/latex/graphics-cfg\color.cfg
File: color.cfg 2016/01/02 v1.6 sample color configuration
)
Package xcolor Info: Driver file: pdftex.def on input line 274.
(C:\Users\jotav\AppData\Local\Programs\MiKTeX\tex/latex/graphics\mathcolor.ltx)
Package xcolor Info: Model `cmy' substituted by `cmy0' on input line 1349.
Package xcolor Info: Model `hsb' substituted by `rgb' on input line 1353.
Package xcolor Info: Model `RGB' extended on input line 1365.
Package xcolor Info: Model `HTML' substituted by `rgb' on input line 1367.
Package xcolor Info: Model `Hsb' substituted by `hsb' on input line 1368.
Package xcolor Info: Model `tHsb' substituted by `hsb' on input line 1369.
Package xcolor Info: Model `HSB' substituted by `hsb' on input line 1370.
Package xcolor Info: Model `Gray' substituted by `gray' on input line 1371.
Package xcolor Info: Model `wave' substituted by `hsb' on input line 1372.
) (C:\Users\jotav\AppData\Local\Programs\MiKTeX\tex/latex/colortbl\colortbl.sty
Package: colortbl 2026/05/01 v1.0l Color table columns (DPC)
(C:\Users\jotav\AppData\Local\Programs\MiKTeX\tex/latex/tools\array.sty
Package: array 2026/02/24 v2.7b Tabular extension package (FMi)
\col@sep=\dimen197
\ar@mcellbox=\box64
\extrarowheight=\dimen198
\NC@list=\toks29
\extratabsurround=\skip52
\backup@length=\skip53
\ar@cellbox=\box65
)
new hooks used!!
\minrowclearance=\skip54
\rownum=\count318
)
(C:\Users\jotav\AppData\Local\Programs\MiKTeX\tex/generic/pgf/basiclayer\pgfcor
e.code.tex
Package: pgfcore 2025-08-29 v3.1.11a (3.1.11a)

(C:\Users\jotav\AppData\Local\Programs\MiKTeX\tex/generic/pgf/math\pgfint.code.
tex)
(C:\Users\jotav\AppData\Local\Programs\MiKTeX\tex/generic/pgf/basiclayer\pgfcor
epoints.code.tex
File: pgfcorepoints.code.tex 2025-08-29 v3.1.11a (3.1.11a)
\pgf@picminx=\dimen199
\pgf@picmaxx=\dimen256
\pgf@picminy=\dimen257
\pgf@picmaxy=\dimen258
\pgf@pathminx=\dimen259
\pgf@pathmaxx=\dimen260
\pgf@pathminy=\dimen261
\pgf@pathmaxy=\dimen262
\pgf@xx=\dimen263
\pgf@xy=\dimen264
\pgf@yx=\dimen265
\pgf@yy=\dimen266
\pgf@zx=\dimen267
\pgf@zy=\dimen268
)
(C:\Users\jotav\AppData\Local\Programs\MiKTeX\tex/generic/pgf/basiclayer\pgfcor
epathconstruct.code.tex
File: pgfcorepathconstruct.code.tex 2025-08-29 v3.1.11a (3.1.11a)
\pgf@path@lastx=\dimen269
\pgf@path@lasty=\dimen270
)
(C:\Users\jotav\AppData\Local\Programs\MiKTeX\tex/generic/pgf/basiclayer\pgfcor
epathusage.code.tex
File: pgfcorepathusage.code.tex 2025-08-29 v3.1.11a (3.1.11a)
\pgf@shorten@end@additional=\dimen271
\pgf@shorten@start@additional=\dimen272
)
(C:\Users\jotav\AppData\Local\Programs\MiKTeX\tex/generic/pgf/basiclayer\pgfcor
escopes.code.tex
File: pgfcorescopes.code.tex 2025-08-29 v3.1.11a (3.1.11a)
\pgfpic=\box66
\pgf@hbox=\box67
\pgf@layerbox@main=\box68
\pgf@picture@serial@count=\count319
)
(C:\Users\jotav\AppData\Local\Programs\MiKTeX\tex/generic/pgf/basiclayer\pgfcor
egraphicstate.code.tex
File: pgfcoregraphicstate.code.tex 2025-08-29 v3.1.11a (3.1.11a)
\pgflinewidth=\dimen273
)
(C:\Users\jotav\AppData\Local\Programs\MiKTeX\tex/generic/pgf/basiclayer\pgfcor
etransformations.code.tex
File: pgfcoretransformations.code.tex 2025-08-29 v3.1.11a (3.1.11a)
\pgf@pt@x=\dimen274
\pgf@pt@y=\dimen275
\pgf@pt@temp=\dimen276
)
(C:\Users\jotav\AppData\Local\Programs\MiKTeX\tex/generic/pgf/basiclayer\pgfcor
equick.code.tex
File: pgfcorequick.code.tex 2025-08-29 v3.1.11a (3.1.11a)
)
(C:\Users\jotav\AppData\Local\Programs\MiKTeX\tex/generic/pgf/basiclayer\pgfcor
eobjects.code.tex
File: pgfcoreobjects.code.tex 2025-08-29 v3.1.11a (3.1.11a)
)
(C:\Users\jotav\AppData\Local\Programs\MiKTeX\tex/generic/pgf/basiclayer\pgfcor
epathprocessing.code.tex
File: pgfcorepathprocessing.code.tex 2025-08-29 v3.1.11a (3.1.11a)
)
(C:\Users\jotav\AppData\Local\Programs\MiKTeX\tex/generic/pgf/basiclayer\pgfcor
earrows.code.tex
File: pgfcorearrows.code.tex 2025-08-29 v3.1.11a (3.1.11a)
\pgfarrowsep=\dimen277
)
(C:\Users\jotav\AppData\Local\Programs\MiKTeX\tex/generic/pgf/basiclayer\pgfcor
eshade.code.tex
File: pgfcoreshade.code.tex 2025-08-29 v3.1.11a (3.1.11a)
\pgf@max=\dimen278
\pgf@sys@shading@range@num=\count320
\pgf@shadingcount=\count321
)
(C:\Users\jotav\AppData\Local\Programs\MiKTeX\tex/generic/pgf/basiclayer\pgfcor
eimage.code.tex
File: pgfcoreimage.code.tex 2025-08-29 v3.1.11a (3.1.11a)
)
(C:\Users\jotav\AppData\Local\Programs\MiKTeX\tex/generic/pgf/basiclayer\pgfcor
eexternal.code.tex
File: pgfcoreexternal.code.tex 2025-08-29 v3.1.11a (3.1.11a)
\pgfexternal@startupbox=\box69
)
(C:\Users\jotav\AppData\Local\Programs\MiKTeX\tex/generic/pgf/basiclayer\pgfcor
elayers.code.tex
File: pgfcorelayers.code.tex 2025-08-29 v3.1.11a (3.1.11a)
)
(C:\Users\jotav\AppData\Local\Programs\MiKTeX\tex/generic/pgf/basiclayer\pgfcor
etransparency.code.tex
File: pgfcoretransparency.code.tex 2025-08-29 v3.1.11a (3.1.11a)
)
(C:\Users\jotav\AppData\Local\Programs\MiKTeX\tex/generic/pgf/basiclayer\pgfcor
epatterns.code.tex
File: pgfcorepatterns.code.tex 2025-08-29 v3.1.11a (3.1.11a)
)
(C:\Users\jotav\AppData\Local\Programs\MiKTeX\tex/generic/pgf/basiclayer\pgfcor
erdf.code.tex
File: pgfcorerdf.code.tex 2025-08-29 v3.1.11a (3.1.11a)
)))
(C:\Users\jotav\AppData\Local\Programs\MiKTeX\tex/latex/pgf/utilities\xxcolor.s
ty
Package: xxcolor 2003/10/24 ver 0.1
\XC@nummixins=\count322
\XC@countmixins=\count323
)
(C:\Users\jotav\AppData\Local\Programs\MiKTeX\tex/latex/base\atbegshi-ltx.sty
Package: atbegshi-ltx 2021/01/10 v1.0c Emulation of the original atbegshi
package with kernel methods
)
(C:\Users\jotav\AppData\Local\Programs\MiKTeX\tex/latex/hyperref\hyperref.sty
Package: hyperref 2026-04-24 v7.01q Hypertext links for LaTeX

(C:\Users\jotav\AppData\Local\Programs\MiKTeX\tex/latex/kvsetkeys\kvsetkeys.sty
Package: kvsetkeys 2022-10-05 v1.19 Key value parser (HO)
)
(C:\Users\jotav\AppData\Local\Programs\MiKTeX\tex/generic/kvdefinekeys\kvdefine
keys.sty
Package: kvdefinekeys 2019-12-19 v1.6 Define keys (HO)
)
(C:\Users\jotav\AppData\Local\Programs\MiKTeX\tex/generic/pdfescape\pdfescape.s
ty
Package: pdfescape 2019/12/09 v1.15 Implements pdfTeX's escape features (HO)

(C:\Users\jotav\AppData\Local\Programs\MiKTeX\tex/generic/ltxcmds\ltxcmds.sty
Package: ltxcmds 2023-12-04 v1.26 LaTeX kernel commands for general use (HO)
)
(C:\Users\jotav\AppData\Local\Programs\MiKTeX\tex/generic/pdftexcmds\pdftexcmds
.sty
Package: pdftexcmds 2020-06-27 v0.33 Utility functions of pdfTeX for LuaTeX (HO
)

(C:\Users\jotav\AppData\Local\Programs\MiKTeX\tex/generic/infwarerr\infwarerr.s
ty
Package: infwarerr 2019/12/03 v1.5 Providing info/warning/error messages (HO)
)
Package pdftexcmds Info: \pdf@primitive is available.
Package pdftexcmds Info: \pdf@ifprimitive is available.
Package pdftexcmds Info: \pdfdraftmode found.
))
(C:\Users\jotav\AppData\Local\Programs\MiKTeX\tex/latex/hycolor\hycolor.sty
Package: hycolor 2020-01-27 v1.10 Color options for hyperref/bookmark (HO)
)
(C:\Users\jotav\AppData\Local\Programs\MiKTeX\tex/latex/hyperref\nameref.sty
Package: nameref 2026-01-29 v2.58 Cross-referencing by name of section

(C:\Users\jotav\AppData\Local\Programs\MiKTeX\tex/latex/refcount\refcount.sty
Package: refcount 2019/12/15 v3.6 Data extraction from label references (HO)
)
(C:\Users\jotav\AppData\Local\Programs\MiKTeX\tex/generic/gettitlestring\gettit
lestring.sty
Package: gettitlestring 2019/12/15 v1.6 Cleanup title references (HO)

(C:\Users\jotav\AppData\Local\Programs\MiKTeX\tex/latex/kvoptions\kvoptions.sty
Package: kvoptions 2022-06-15 v3.15 Key value format for package options (HO)
))
\c@section@level=\count324
)
(C:\Users\jotav\AppData\Local\Programs\MiKTeX\tex/generic/stringenc\stringenc.s
ty
Package: stringenc 2019/11/29 v1.12 Convert strings between diff. encodings (HO
)
)
\@linkdim=\dimen279
\Hy@linkcounter=\count325
\Hy@pagecounter=\count326
 (C:\Users\jotav\AppData\Local\Programs\MiKTeX\tex/latex/hyperref\pd1enc.def
File: pd1enc.def 2026-04-24 v7.01q Hyperref: PDFDocEncoding definition (HO)
Now handling font encoding PD1 ...
... no UTF-8 mapping file for font encoding PD1
) (C:\Users\jotav\AppData\Local\Programs\MiKTeX\tex/generic/intcalc\intcalc.sty
Package: intcalc 2019/12/15 v1.3 Expandable calculations with integers (HO)
)
\Hy@SavedSpaceFactor=\count327
 (C:\Users\jotav\AppData\Local\Programs\MiKTeX\tex/latex/hyperref\puenc.def
File: puenc.def 2026-04-24 v7.01q Hyperref: PDF Unicode definition (HO)
Now handling font encoding PU ...
... no UTF-8 mapping file for font encoding PU
)
Package hyperref Info: Option `bookmarks' set `true' on input line 4070.
Package hyperref Info: Option `bookmarksopen' set `true' on input line 4070.
Package hyperref Info: Option `implicit' set `false' on input line 4070.
Package hyperref Info: Hyper figures OFF on input line 4199.
Package hyperref Info: Link nesting OFF on input line 4204.
Package hyperref Info: Hyper index ON on input line 4207.
Package hyperref Info: Plain pages OFF on input line 4214.
Package hyperref Info: Backreferencing OFF on input line 4219.
Package hyperref Info: Implicit mode OFF; no redefinition of LaTeX internals.
Package hyperref Info: Bookmarks ON on input line 4466.
\c@Hy@tempcnt=\count328

(C:\Users\jotav\AppData\Local\Programs\MiKTeX\tex/latex/url\url.sty
\Urlmuskip=\muskip17
Package: url 2013/09/16  ver 3.4  Verb mode for urls, etc.
)
LaTeX Info: Redefining \url on input line 4805.
\XeTeXLinkMargin=\dimen280

(C:\Users\jotav\AppData\Local\Programs\MiKTeX\tex/generic/bitset\bitset.sty
Package: bitset 2019/12/09 v1.3 Handle bit-vector datatype (HO)

(C:\Users\jotav\AppData\Local\Programs\MiKTeX\tex/generic/bigintcalc\bigintcalc
.sty
Package: bigintcalc 2019/12/15 v1.5 Expandable calculations on big integers (HO
)
))
\Fld@menulength=\count329
\Field@Width=\dimen281
\Fld@charsize=\dimen282
Package hyperref Info: Hyper figures OFF on input line 6091.
Package hyperref Info: Link nesting OFF on input line 6096.
Package hyperref Info: Hyper index ON on input line 6099.
Package hyperref Info: backreferencing OFF on input line 6106.
Package hyperref Info: Link coloring OFF on input line 6111.
Package hyperref Info: Link coloring with OCG OFF on input line 6116.
Package hyperref Info: PDF/A mode OFF on input line 6121.
\Hy@abspage=\count330


Package hyperref Message: Stopped early.

)
Package hyperref Info: Driver (autodetected): hpdftex.
 (C:\Users\jotav\AppData\Local\Programs\MiKTeX\tex/latex/hyperref\hpdftex.def
File: hpdftex.def 2026-04-24 v7.01q Hyperref driver for pdfTeX
\Fld@listcount=\count331
\c@bookmark@seq@number=\count332

(C:\Users\jotav\AppData\Local\Programs\MiKTeX\tex/latex/rerunfilecheck\rerunfil
echeck.sty
Package: rerunfilecheck 2025-06-21 v1.11 Rerun checks for auxiliary files (HO)

(C:\Users\jotav\AppData\Local\Programs\MiKTeX\tex/generic/uniquecounter\uniquec
ounter.sty
Package: uniquecounter 2019/12/15 v1.4 Provide unlimited unique counter (HO)
)
Package uniquecounter Info: New unique counter `rerunfilecheck' on input line 2
84.
))
(C:\Users\jotav\AppData\Local\Programs\MiKTeX\tex/latex/beamer\beamerbaserequir
es.sty
(C:\Users\jotav\AppData\Local\Programs\MiKTeX\tex/latex/beamer\beamerbasecompat
ibility.sty)
(C:\Users\jotav\AppData\Local\Programs\MiKTeX\tex/latex/beamer\beamerbasefont.s
ty (C:\Users\jotav\AppData\Local\Programs\MiKTeX\tex/latex/amsfonts\amssymb.sty
Package: amssymb 2013/01/14 v3.01 AMS font symbols
(C:\Users\jotav\AppData\Local\Programs\MiKTeX\tex/latex/amsfonts\amsfonts.sty
Package: amsfonts 2013/01/14 v3.01 Basic AMSFonts support
\@emptytoks=\toks30
\symAMSa=\mathgroup4
\symAMSb=\mathgroup5
LaTeX Font Info:    Redeclaring math symbol \hbar on input line 98.
LaTeX Font Info:    Overwriting math alphabet `\mathfrak' in version `bold'
(Font)                  U/euf/m/n --> U/euf/b/n on input line 106.
))
(C:\Users\jotav\AppData\Local\Programs\MiKTeX\tex/latex/sansmathaccent\sansmath
accent.sty
Package: sansmathaccent 2020/01/31

(C:\Users\jotav\AppData\Local\Programs\MiKTeX\tex/latex/koma-script\scrlfile.st
y
Package: scrlfile 2026/02/02 v3.49.2 KOMA-Script package (file load hooks)

(C:\Users\jotav\AppData\Local\Programs\MiKTeX\tex/latex/koma-script\scrlfile-ho
ok.sty
Package: scrlfile-hook 2026/02/02 v3.49.2 KOMA-Script package (using LaTeX hook
s)

(C:\Users\jotav\AppData\Local\Programs\MiKTeX\tex/latex/koma-script\scrlogo.sty
Package: scrlogo 2026/02/02 v3.49.2 KOMA-Script package (logo)
)))))
(C:\Users\jotav\AppData\Local\Programs\MiKTeX\tex/latex/beamer\beamerbasetransl
ator.sty
(C:\Users\jotav\AppData\Local\Programs\MiKTeX\tex/latex/translator\translator.s
ty
Package: translator 2021-05-31 v1.12d Easy translation of strings in LaTeX
))
(C:\Users\jotav\AppData\Local\Programs\MiKTeX\tex/latex/beamer\beamerbasemisc.s
ty)
(C:\Users\jotav\AppData\Local\Programs\MiKTeX\tex/latex/beamer\beamerbasetwoscr
eens.sty)
(C:\Users\jotav\AppData\Local\Programs\MiKTeX\tex/latex/beamer\beamerbaseoverla
y.sty
\beamer@argscount=\count333
\beamer@lastskipcover=\skip55
\beamer@trivlistdepth=\count334
)
(C:\Users\jotav\AppData\Local\Programs\MiKTeX\tex/latex/beamer\beamerbasetitle.
sty)
(C:\Users\jotav\AppData\Local\Programs\MiKTeX\tex/latex/beamer\beamerbasesectio
n.sty
\c@lecture=\count335
\c@part=\count336
\c@section=\count337
\c@subsection=\count338
\c@subsubsection=\count339
)
(C:\Users\jotav\AppData\Local\Programs\MiKTeX\tex/latex/beamer\beamerbaseframe.
sty
\beamer@framebox=\box70
\beamer@frametitlebox=\box71
\beamer@zoombox=\box72
\beamer@zoomcount=\count340
\beamer@zoomframecount=\count341
\beamer@frametextheight=\dimen283
\c@subsectionslide=\count342
\beamer@frametopskip=\skip56
\beamer@framebottomskip=\skip57
\beamer@frametopskipautobreak=\skip58
\beamer@framebottomskipautobreak=\skip59
\beamer@envbody=\toks31
\framewidth=\dimen284
\c@framenumber=\count343
)
(C:\Users\jotav\AppData\Local\Programs\MiKTeX\tex/latex/beamer\beamerbaseverbat
im.sty
\beamer@verbatimfileout=\write4
)
(C:\Users\jotav\AppData\Local\Programs\MiKTeX\tex/latex/beamer\beamerbaseframes
ize.sty
\beamer@splitbox=\box73
\beamer@autobreakcount=\count344
\beamer@autobreaklastheight=\dimen285
\beamer@frametitletoks=\toks32
\beamer@framesubtitletoks=\toks33
)
(C:\Users\jotav\AppData\Local\Programs\MiKTeX\tex/latex/beamer\beamerbaseframec
omponents.sty
\beamer@colheight=\skip60
\beamer@footins=\box74
)
(C:\Users\jotav\AppData\Local\Programs\MiKTeX\tex/latex/beamer\beamerbasecolor.
sty)
(C:\Users\jotav\AppData\Local\Programs\MiKTeX\tex/latex/beamer\beamerbasenotes.
sty
\beamer@frameboxcopy=\box75
)
(C:\Users\jotav\AppData\Local\Programs\MiKTeX\tex/latex/beamer\beamerbasetoc.st
y)
(C:\Users\jotav\AppData\Local\Programs\MiKTeX\tex/latex/beamer\beamerbasetempla
tes.sty
\beamer@sbttoks=\toks34

(C:\Users\jotav\AppData\Local\Programs\MiKTeX\tex/latex/beamer\beamerbaseauxtem
plates.sty
(C:\Users\jotav\AppData\Local\Programs\MiKTeX\tex/latex/beamer\beamerbaseboxes.
sty
\bmb@box=\box76
\bmb@colorbox=\box77
\bmb@boxwidth=\dimen286
\bmb@boxheight=\dimen287
\bmb@prevheight=\dimen288
\bmb@temp=\dimen289
\bmb@dima=\dimen290
\bmb@dimb=\dimen291
\bmb@prevheight=\dimen292
)
\beamer@blockheadheight=\dimen293
))
(C:\Users\jotav\AppData\Local\Programs\MiKTeX\tex/latex/beamer\beamerbaselocals
tructure.sty
(C:\Users\jotav\AppData\Local\Programs\MiKTeX\tex/latex/tools\enumerate.sty
Package: enumerate 2023/07/04 v3.00 enumerate extensions (DPC)
\@enLab=\toks35
)
\beamer@bibiconwidth=\skip61
\c@figure=\count345
\c@table=\count346
\abovecaptionskip=\skip62
\belowcaptionskip=\skip63
)
(C:\Users\jotav\AppData\Local\Programs\MiKTeX\tex/latex/beamer\beamerbasenaviga
tion.sty
(C:\Users\jotav\AppData\Local\Programs\MiKTeX\tex/latex/beamer\beamerbasenaviga
tionsymbols.tex)
\beamer@section@min@dim=\dimen294
)
(C:\Users\jotav\AppData\Local\Programs\MiKTeX\tex/latex/beamer\beamerbasetheore
ms.sty
(C:\Users\jotav\AppData\Local\Programs\MiKTeX\tex/latex/amsmath\amsmath.sty
Package: amsmath 2026/05/19 v2.18d AMS math features
\@mathmargin=\skip64

For additional information on amsmath, use the `?' option.
(C:\Users\jotav\AppData\Local\Programs\MiKTeX\tex/latex/amsmath\amstext.sty
Package: amstext 2024/11/17 v2.01 AMS text

(C:\Users\jotav\AppData\Local\Programs\MiKTeX\tex/latex/amsmath\amsgen.sty
File: amsgen.sty 1999/11/30 v2.0 generic functions
\@emptytoks=\toks36
\ex@=\dimen295
))
(C:\Users\jotav\AppData\Local\Programs\MiKTeX\tex/latex/amsmath\amsbsy.sty
Package: amsbsy 1999/11/29 v1.2d Bold Symbols
\pmbraise@=\dimen296
)
(C:\Users\jotav\AppData\Local\Programs\MiKTeX\tex/latex/amsmath\amsopn.sty
Package: amsopn 2022/04/08 v2.04 operator names
)
\inf@bad=\count347
LaTeX Info: Redefining \frac on input line 233.
\uproot@=\count348
\leftroot@=\count349
LaTeX Info: Redefining \overline on input line 398.
LaTeX Info: Redefining \colon on input line 409.
\classnum@=\count350
\DOTSCASE@=\count351
LaTeX Info: Redefining \ldots on input line 495.
LaTeX Info: Redefining \dots on input line 498.
LaTeX Info: Redefining \cdots on input line 619.
\Mathstrutbox@=\box78
\strutbox@=\box79
LaTeX Info: Redefining \big on input line 721.
LaTeX Info: Redefining \Big on input line 722.
LaTeX Info: Redefining \bigg on input line 723.
LaTeX Info: Redefining \Bigg on input line 724.
\big@size=\dimen297
LaTeX Font Info:    Redeclaring font encoding OML on input line 742.
LaTeX Font Info:    Redeclaring font encoding OMS on input line 743.
\macc@depth=\count352
LaTeX Info: Redefining \bmod on input line 904.
LaTeX Info: Redefining \pmod on input line 909.
LaTeX Info: Redefining \smash on input line 939.
LaTeX Info: Redefining \relbar on input line 969.
LaTeX Info: Redefining \Relbar on input line 970.
\c@MaxMatrixCols=\count353
\dotsspace@=\muskip18
\c@parentequation=\count354
\dspbrk@lvl=\count355
\tag@help=\toks37
\row@=\count356
\column@=\count357
\maxfields@=\count358
\andhelp@=\toks38
\eqnshift@=\dimen298
\alignsep@=\dimen299
\tagshift@=\dimen300
\tagwidth@=\dimen301
\totwidth@=\dimen302
\lineht@=\dimen303
\@envbody=\toks39
\multlinegap=\skip65
\multlinetaggap=\skip66
\mathdisplay@stack=\toks40
LaTeX Info: Redefining \[ on input line 2965.
LaTeX Info: Redefining \] on input line 2966.
)
(C:\Users\jotav\AppData\Local\Programs\MiKTeX\tex/latex/amscls\amsthm.sty
Package: amsthm 2020/05/29 v2.20.6
\thm@style=\toks41
\thm@bodyfont=\toks42
\thm@headfont=\toks43
\thm@notefont=\toks44
\thm@headpunct=\toks45
\thm@preskip=\skip67
\thm@postskip=\skip68
\thm@headsep=\skip69
\dth@everypar=\toks46
)
\c@theorem=\count359
)
(C:\Users\jotav\AppData\Local\Programs\MiKTeX\tex/latex/beamer\beamerbasethemes
.sty))
(C:\Users\jotav\AppData\Local\Programs\MiKTeX\tex/latex/beamer\beamerthemedefau
lt.sty
(C:\Users\jotav\AppData\Local\Programs\MiKTeX\tex/latex/beamer\beamerfontthemed
efault.sty)
(C:\Users\jotav\AppData\Local\Programs\MiKTeX\tex/latex/beamer\beamercolortheme
default.sty)
(C:\Users\jotav\AppData\Local\Programs\MiKTeX\tex/latex/beamer\beamerinnertheme
default.sty
\beamer@dima=\dimen304
\beamer@dimb=\dimen305
)
(C:\Users\jotav\AppData\Local\Programs\MiKTeX\tex/latex/beamer\beameroutertheme
default.sty)))
(C:\Users\jotav\AppData\Local\Programs\MiKTeX\tex/generic/babel\babel.sty
Package: babel 2026/05/20 v26.8 The multilingual framework for LuaLaTeX, pdfLaT
eX and XeLaTeX
\babel@savecnt=\count360
LaTeX Encoding Info:    Redeclaring text command \ij (encoding OT1) on input li
ne 2084.
LaTeX Encoding Info:    Redeclaring text command \IJ (encoding OT1) on input li
ne 2086.
LaTeX Encoding Info:    Redeclaring text command \ij (encoding T1) on input lin
e 2088.
LaTeX Encoding Info:    Redeclaring text command \IJ (encoding T1) on input lin
e 2089.
LaTeX Encoding Info:    Ignoring declaration for text command \ij (encoding ?) 
on input line 2090.
LaTeX Encoding Info:    Ignoring declaration for text command \IJ (encoding ?) 
on input line 2092.
LaTeX Encoding Info:    Ignoring declaration for text command \SS (encoding ?) 
on input line 2117.
\U@D=\dimen306
\l@unhyphenated=\language79

(C:\Users\jotav\AppData\Local\Programs\MiKTeX\tex/generic/babel\txtbabel.def)
\bbl@readstream=\read3
LaTeX Info: Redefining \textlatin on input line 3996.
\bbl@dirlevel=\count361
Package babel Info: Configuration files are deprecated, as
(babel)             they can break document portability.
(babel)             Reported on input line 4228.

*************************************
* Local config file bblopts.cfg used
*
(C:\Users\jotav\AppData\Local\Programs\MiKTeX\tex/latex/arabi\bblopts.cfg
File: bblopts.cfg 2005/09/08 v0.1 add Arabic and Farsi to "declared" options of
 babel
)
(C:\Users\jotav\AppData\Local\Programs\MiKTeX\tex/generic/babel/locale/ca\babel
-catalan.tex)
Package babel Info: Importing font and identification data for catalan
(babel)             from babel-ca.ini. Reported on input line 4356.

(C:\Users\jotav\AppData\Local\Programs\MiKTeX\tex/latex/babel-catalan\catalan.l
df
Language: catalan 2005/03/29 v2.2p Catalan support from the babel system
Package babel Info: Making " an active character on input line 91.
Warning: You are using encoding OT1 instead of T1.
Some word breaks will not be found.
\leftllkern=\dimen307
\rightllkern=\dimen308
\raiselldim=\dimen309
)) (C:\Users\jotav\AppData\Local\Programs\MiKTeX\tex/latex/base\inputenc.sty
Package: inputenc 2024/02/08 v1.3d Input encoding file
\inpenc@prehook=\toks47
\inpenc@posthook=\toks48
) (C:\Users\jotav\AppData\Local\Programs\MiKTeX\tex/latex/base\fontenc.sty
Package: fontenc 2025/07/18 v2.1d Standard LaTeX package
)
(C:\Users\jotav\AppData\Local\Programs\MiKTeX\tex/latex/fira\FiraSans.sty
Package: FiraSans 2022/09/17 (Bob Tennent and autoinst) Style file for Fira San
s fonts.

(C:\Users\jotav\AppData\Local\Programs\MiKTeX\tex/generic/iftex\ifxetex.sty
Package: ifxetex 2019/10/25 v0.7 ifxetex legacy package. Use iftex instead.
)
(C:\Users\jotav\AppData\Local\Programs\MiKTeX\tex/generic/iftex\ifluatex.sty
Package: ifluatex 2019/10/25 v1.5 ifluatex legacy package. Use iftex instead.
)
(C:\Users\jotav\AppData\Local\Programs\MiKTeX\tex/latex/xkeyval\xkeyval.sty
Package: xkeyval 2022/06/16 v2.9 package option processing (HA)

(C:\Users\jotav\AppData\Local\Programs\MiKTeX\tex/generic/xkeyval\xkeyval.tex
(C:\Users\jotav\AppData\Local\Programs\MiKTeX\tex/generic/xkeyval\xkvutils.tex
\XKV@toks=\toks49
\XKV@tempa@toks=\toks50
)
\XKV@depth=\count362
File: xkeyval.tex 2014/12/03 v2.7a key=value parser (HA)
)) (C:\Users\jotav\AppData\Local\Programs\MiKTeX\tex/latex/base\textcomp.sty
Package: textcomp 2024/04/24 v2.1b Standard LaTeX package
)
(C:\Users\jotav\AppData\Local\Programs\MiKTeX\tex/latex/fontaxes\fontaxes.sty
Package: fontaxes 2026-01-02 v2.0.2 Font selection axes (deprecated)
Applying: [2024-11-01] Use figureversions if present on input line 74.

(C:\Users\jotav\AppData\Local\Programs\MiKTeX\tex/latex/figureversions\figureve
rsions.sty
Package: figureversions 2025-04-29 v1.0.1 Figure versions
)
Already applied: [0000-00-00] Fall back to v1 on input line 76.
))
(C:\Users\jotav\AppData\Local\Programs\MiKTeX\tex/latex/mathastext\mathastext.s
ty
Package: mathastext 2024/10/26 v1.4e Use the text font in math mode (JFB)

Package mathastext Info: Starting the math mode configuration.
\mst@exists@muskip=\muskip19
\mst@forall@muskip=\muskip20
\mst@prime@muskip=\muskip21
\mst@do@nonletters=\toks51
\mst@undo@nonletters=\toks52
\mst@do@easynonletters=\toks53
\mst@undo@easynonletters=\toks54
\symmtoperatorfont=\mathgroup6
\symmtletterfont=\mathgroup7
(   mathastext:   ) ! and ?
(   mathastext:   ) punctuation: , . : ; and \colon
LaTeX Info: Redefining \relbar on input line 1197.
LaTeX Info: Redefining \rightarrowfill on input line 1198.
LaTeX Info: Redefining \leftarrowfill on input line 1201.
(   mathastext:   ) + and =
LaTeX Info: Redefining \Relbar on input line 1344.
(   mathastext:   ) adding = ; and + to \nfss@catcodes
(   mathastext:   ) parentheses ( ) [ ] and slash /
(   mathastext:   ) alldelims: < > \backslash \setminus | \vert \mid \{ \}
LaTeX Font Info:    Redeclaring math symbol \setminus on input line 1410.
LaTeX Info: Redefining \models on input line 1429.
(   mathastext:   ) \# \mathdollar \% \& 
(   mathastext:   ) \imath and \jmath 
LaTeX Font Info:    Overwriting math alphabet `\Mathnormalbold' in version `nor
mal'
(Font)                  T1/FiraSans-LF/b/n --> T1/FiraSans-LF/b/n on input line
 2934.
LaTeX Font Info:    Overwriting math alphabet `\Mathnormalbold' in version `bol
d'
(Font)                  T1/FiraSans-LF/b/n --> T1/FiraSans-LF/b/n on input line
 2934.
LaTeX Font Info:    Overwriting symbol font `mtletterfont' in version `normal'
(Font)                  T1/FiraSans-LF/m/n --> T1/FiraSans-LF/m/n on input line
 2934.
LaTeX Font Info:    Overwriting symbol font `mtletterfont' in version `bold'
(Font)                  T1/FiraSans-LF/m/n --> T1/FiraSans-LF/b/n on input line
 2934.
LaTeX Font Info:    Overwriting symbol font `mtoperatorfont' in version `normal
'
(Font)                  T1/FiraSans-LF/m/n --> T1/FiraSans-LF/m/n on input line
 2934.
LaTeX Font Info:    Overwriting symbol font `mtoperatorfont' in version `bold'
(Font)                  T1/FiraSans-LF/m/n --> T1/FiraSans-LF/b/n on input line
 2934.
LaTeX Font Info:    Overwriting math alphabet `\Mathbf' in version `normal'
(Font)                  T1/FiraSans-LF/b/n --> T1/FiraSans-LF/b/n on input line
 2934.
LaTeX Font Info:    Overwriting math alphabet `\Mathbf' in version `bold'
(Font)                  T1/FiraSans-LF/b/n --> T1/FiraSans-LF/b/n on input line
 2934.
LaTeX Font Info:    Overwriting math alphabet `\Mathit' in version `normal'
(Font)                  T1/FiraSans-LF/m/it --> T1/FiraSans-LF/m/it on input li
ne 2934.
LaTeX Font Info:    Overwriting math alphabet `\Mathit' in version `bold'
(Font)                  T1/FiraSans-LF/m/it --> T1/FiraSans-LF/b/it on input li
ne 2934.
LaTeX Font Info:    Overwriting math alphabet `\Mathsf' in version `normal'
(Font)                  T1/FiraSans-LF/m/n --> T1/FiraSans-LF/m/n on input line
 2934.
LaTeX Font Info:    Overwriting math alphabet `\Mathsf' in version `bold'
(Font)                  T1/FiraSans-LF/m/n --> T1/FiraSans-LF/b/n on input line
 2934.
LaTeX Font Info:    Overwriting math alphabet `\Mathtt' in version `normal'
(Font)                  T1/cmtt/m/n --> T1/cmtt/m/n on input line 2934.
LaTeX Font Info:    Overwriting math alphabet `\Mathtt' in version `bold'
(Font)                  T1/cmtt/m/n --> T1/cmtt/b/n on input line 2934.
(   mathastext:   ) Latin letters in the `normal', resp. `bold',
(   mathastext:   ) math versions are now set up to use the fonts
(   mathastext:   ) T1/FiraSans-LF/m/n, resp. T1/FiraSans-LF/b/n.
(   mathastext:   ) Other characters (digits, ...) and \log-like names will be
(   mathastext:   ) typeset with the n shape.
(   mathastext:   ) \hbar
(   mathastext:   ) minus either as endash, Unicode minus, emdash or hyphen
(   mathastext:   ) \HUGE has been (re)-defined.
(   mathastext:   ) mathastext has declared larger sizes for subscripts.
(   mathastext:   ) To keep LaTeX defaults, use option `defaultmathsizes'.

Package mathastext Info: Loading is complete.  You can now use \Mathastext to
(mathastext)             modify the normal and bold math versions.  Use it
(mathastext)             with optional argument or use \MTDeclareVersion to
(mathastext)             declare additional math versions.
)
LaTeX Font Info:    Overwriting math alphabet `\Mathnormalbold' in version `nor
mal'
(Font)                  T1/FiraSans-LF/b/n --> T1/FiraSans-LF/b/n on input line
 10.
LaTeX Font Info:    Overwriting math alphabet `\Mathnormalbold' in version `bol
d'
(Font)                  T1/FiraSans-LF/b/n --> T1/FiraSans-LF/b/n on input line
 10.
LaTeX Font Info:    Overwriting symbol font `mtletterfont' in version `normal'
(Font)                  T1/FiraSans-LF/m/n --> T1/FiraSans-LF/m/n on input line
 10.
LaTeX Font Info:    Overwriting symbol font `mtletterfont' in version `bold'
(Font)                  T1/FiraSans-LF/b/n --> T1/FiraSans-LF/b/n on input line
 10.
LaTeX Font Info:    Overwriting symbol font `mtoperatorfont' in version `normal
'
(Font)                  T1/FiraSans-LF/m/n --> T1/FiraSans-LF/m/n on input line
 10.
LaTeX Font Info:    Overwriting symbol font `mtoperatorfont' in version `bold'
(Font)                  T1/FiraSans-LF/b/n --> T1/FiraSans-LF/b/n on input line
 10.
LaTeX Font Info:    Overwriting math alphabet `\Mathbf' in version `normal'
(Font)                  T1/FiraSans-LF/b/n --> T1/FiraSans-LF/b/n on input line
 10.
LaTeX Font Info:    Overwriting math alphabet `\Mathbf' in version `bold'
(Font)                  T1/FiraSans-LF/b/n --> T1/FiraSans-LF/b/n on input line
 10.
LaTeX Font Info:    Overwriting math alphabet `\Mathit' in version `normal'
(Font)                  T1/FiraSans-LF/m/it --> T1/FiraSans-LF/m/it on input li
ne 10.
LaTeX Font Info:    Overwriting math alphabet `\Mathit' in version `bold'
(Font)                  T1/FiraSans-LF/b/it --> T1/FiraSans-LF/b/it on input li
ne 10.
LaTeX Font Info:    Overwriting math alphabet `\Mathsf' in version `normal'
(Font)                  T1/FiraSans-LF/m/n --> T1/FiraSans-LF/m/n on input line
 10.
LaTeX Font Info:    Overwriting math alphabet `\Mathsf' in version `bold'
(Font)                  T1/FiraSans-LF/b/n --> T1/FiraSans-LF/b/n on input line
 10.
LaTeX Font Info:    Overwriting math alphabet `\Mathtt' in version `normal'
(Font)                  T1/cmtt/m/n --> T1/cmtt/m/n on input line 10.
LaTeX Font Info:    Overwriting math alphabet `\Mathtt' in version `bold'
(Font)                  T1/cmtt/b/n --> T1/cmtt/b/n on input line 10.
(   mathastext:   ) Latin letters in the `normal', resp. `bold',
(   mathastext:   ) math versions are now set up to use the fonts
(   mathastext:   ) T1/FiraSans-LF/m/n, resp. T1/FiraSans-LF/b/n.
(   mathastext:   ) Other characters (digits, ...) and \log-like names will be
(   mathastext:   ) typeset with the n shape.
(   mathastext:   ) \hbar
LaTeX Font Info:    Redeclaring math symbol \inodot on input line 10.
LaTeX Font Info:    Redeclaring math symbol \jnodot on input line 10.
(   mathastext:   ) minus either as endash, Unicode minus, emdash or hyphen
LaTeX Font Info:    Redeclaring math symbol \mst@minus@mvnormal on input line 1
0.
LaTeX Font Info:    Redeclaring math symbol \mst@varfam@minus@mvnormal on input
 line 10.
LaTeX Font Info:    Redeclaring math symbol \mst@minus@mvbold on input line 10.

LaTeX Font Info:    Redeclaring math symbol \mst@varfam@minus@mvbold on input l
ine 10.

(C:\Users\jotav\AppData\Local\Programs\MiKTeX\tex/latex/pgf/frontendlayer\tikz.
sty
(C:\Users\jotav\AppData\Local\Programs\MiKTeX\tex/latex/pgf/basiclayer\pgf.sty
Package: pgf 2025-08-29 v3.1.11a (3.1.11a)

(C:\Users\jotav\AppData\Local\Programs\MiKTeX\tex/generic/pgf/modules\pgfmodule
shapes.code.tex
File: pgfmoduleshapes.code.tex 2025-08-29 v3.1.11a (3.1.11a)
\pgfnodeparttextbox=\box80
)
(C:\Users\jotav\AppData\Local\Programs\MiKTeX\tex/generic/pgf/modules\pgfmodule
plot.code.tex
File: pgfmoduleplot.code.tex 2025-08-29 v3.1.11a (3.1.11a)
)
(C:\Users\jotav\AppData\Local\Programs\MiKTeX\tex/latex/pgf/compatibility\pgfco
mp-version-0-65.sty
Package: pgfcomp-version-0-65 2025-08-29 v3.1.11a (3.1.11a)
\pgf@nodesepstart=\dimen310
\pgf@nodesepend=\dimen311
)
(C:\Users\jotav\AppData\Local\Programs\MiKTeX\tex/latex/pgf/compatibility\pgfco
mp-version-1-18.sty
Package: pgfcomp-version-1-18 2025-08-29 v3.1.11a (3.1.11a)
))
(C:\Users\jotav\AppData\Local\Programs\MiKTeX\tex/latex/pgf/utilities\pgffor.st
y
(C:\Users\jotav\AppData\Local\Programs\MiKTeX\tex/generic/pgf/utilities\pgffor.
code.tex
Package: pgffor 2025-08-29 v3.1.11a (3.1.11a)
\pgffor@iter=\dimen312
\pgffor@skip=\dimen313
\pgffor@stack=\toks55
\pgffor@toks=\toks56
))
(C:\Users\jotav\AppData\Local\Programs\MiKTeX\tex/generic/pgf/frontendlayer/tik
z\tikz.code.tex
Package: tikz 2025-08-29 v3.1.11a (3.1.11a)

(C:\Users\jotav\AppData\Local\Programs\MiKTeX\tex/generic/pgf/libraries\pgflibr
aryplothandlers.code.tex
File: pgflibraryplothandlers.code.tex 2025-08-29 v3.1.11a (3.1.11a)
\pgf@plot@mark@count=\count363
\pgfplotmarksize=\dimen314
)
\tikz@lastx=\dimen315
\tikz@lasty=\dimen316
\tikz@lastxsaved=\dimen317
\tikz@lastysaved=\dimen318
\tikz@lastmovetox=\dimen319
\tikz@lastmovetoy=\dimen320
\tikzleveldistance=\dimen321
\tikzsiblingdistance=\dimen322
\tikz@figbox=\box81
\tikz@figbox@bg=\box82
\tikz@tempbox=\box83
\tikz@tempbox@bg=\box84
\tikztreelevel=\count364
\tikznumberofchildren=\count365
\tikznumberofcurrentchild=\count366
\tikz@fig@count=\count367

(C:\Users\jotav\AppData\Local\Programs\MiKTeX\tex/generic/pgf/modules\pgfmodule
matrix.code.tex
File: pgfmodulematrix.code.tex 2025-08-29 v3.1.11a (3.1.11a)
\pgfmatrixcurrentrow=\count368
\pgfmatrixcurrentcolumn=\count369
\pgf@matrix@numberofcolumns=\count370
)
\tikz@expandcount=\count371

(C:\Users\jotav\AppData\Local\Programs\MiKTeX\tex/generic/pgf/frontendlayer/tik
z/libraries\tikzlibrarytopaths.code.tex
File: tikzlibrarytopaths.code.tex 2025-08-29 v3.1.11a (3.1.11a)
)))
(C:\Users\jotav\AppData\Local\Programs\MiKTeX\tex/latex/pgfplots\pgfplots.sty
(C:\Users\jotav\AppData\Local\Programs\MiKTeX\tex/generic/pgfplots\pgfplots.rev
ision.tex)
Package: pgfplots 2021/05/15 v1.18.1 Data Visualization (1.18.1)

(C:\Users\jotav\AppData\Local\Programs\MiKTeX\tex/generic/pgfplots\pgfplots.cod
e.tex
(C:\Users\jotav\AppData\Local\Programs\MiKTeX\tex/generic/pgfplots\pgfplotscore
.code.tex
\t@pgfplots@toka=\toks57
\t@pgfplots@tokb=\toks58
\t@pgfplots@tokc=\toks59
\pgfplots@tmpa=\dimen323
\c@pgfplots@coordindex=\count372
\c@pgfplots@scanlineindex=\count373

(C:\Users\jotav\AppData\Local\Programs\MiKTeX\tex/generic/pgfplots/sys\pgfplots
sysgeneric.code.tex))
(C:\Users\jotav\AppData\Local\Programs\MiKTeX\tex/generic/pgfplots/libs\pgfplot
slibrary.code.tex)
(C:\Users\jotav\AppData\Local\Programs\MiKTeX\tex/generic/pgfplots/oldpgfcompat
ib\pgfplotsoldpgfsupp_loader.code.tex
(C:\Users\jotav\AppData\Local\Programs\MiKTeX\tex/generic/pgf/libraries\pgflibr
aryfpu.code.tex)
Package pgfplots: loading complementary utilities for your pgf version...
\t@pgf@toka=\toks60
\t@pgf@tokb=\toks61
\t@pgf@tokc=\toks62

(C:\Users\jotav\AppData\Local\Programs\MiKTeX\tex/generic/pgfplots/oldpgfcompat
ib\pgfplotsoldpgfsupp_pgfutil-common-lists.tex))
(C:\Users\jotav\AppData\Local\Programs\MiKTeX\tex/generic/pgfplots/util\pgfplot
sutil.code.tex
(C:\Users\jotav\AppData\Local\Programs\MiKTeX\tex/generic/pgfplots/liststructur
e\pgfplotsliststructure.code.tex)
(C:\Users\jotav\AppData\Local\Programs\MiKTeX\tex/generic/pgfplots/liststructur
e\pgfplotsliststructureext.code.tex)
(C:\Users\jotav\AppData\Local\Programs\MiKTeX\tex/generic/pgfplots/liststructur
e\pgfplotsarray.code.tex
\c@pgfplotsarray@tmp=\count374
)
(C:\Users\jotav\AppData\Local\Programs\MiKTeX\tex/generic/pgfplots/liststructur
e\pgfplotsmatrix.code.tex)
(C:\Users\jotav\AppData\Local\Programs\MiKTeX\tex/generic/pgfplots/numtable\pgf
plotstableshared.code.tex
\c@pgfplotstable@counta=\count375
\t@pgfplotstable@a=\toks63
)
(C:\Users\jotav\AppData\Local\Programs\MiKTeX\tex/generic/pgfplots/liststructur
e\pgfplotsdeque.code.tex)
(C:\Users\jotav\AppData\Local\Programs\MiKTeX\tex/generic/pgfplots/util\pgfplot
sbinary.code.tex
(C:\Users\jotav\AppData\Local\Programs\MiKTeX\tex/generic/pgfplots/util\pgfplot
sbinary.data.code.tex))
(C:\Users\jotav\AppData\Local\Programs\MiKTeX\tex/generic/pgfplots/util\pgfplot
sutil.verb.code.tex)
(C:\Users\jotav\AppData\Local\Programs\MiKTeX\tex/generic/pgfplots/libs\pgflibr
arypgfplots.surfshading.code.tex
\c@pgfplotslibrarysurf@no=\count376

(C:\Users\jotav\AppData\Local\Programs\MiKTeX\tex/generic/pgfplots/sys\pgflibra
rypgfplots.surfshading.pgfsys-pdftex.def)))
(C:\Users\jotav\AppData\Local\Programs\MiKTeX\tex/generic/pgfplots/util\pgfplot
scolormap.code.tex
(C:\Users\jotav\AppData\Local\Programs\MiKTeX\tex/generic/pgfplots/util\pgfplot
scolor.code.tex))
(C:\Users\jotav\AppData\Local\Programs\MiKTeX\tex/generic/pgfplots\pgfplotsstac
kedplots.code.tex)
(C:\Users\jotav\AppData\Local\Programs\MiKTeX\tex/generic/pgfplots\pgfplotsplot
handlers.code.tex
(C:\Users\jotav\AppData\Local\Programs\MiKTeX\tex/generic/pgfplots\pgfplotsmesh
plothandler.code.tex
(C:\Users\jotav\AppData\Local\Programs\MiKTeX\tex/generic/pgfplots\pgfplotsmesh
plotimage.code.tex)))
(C:\Users\jotav\AppData\Local\Programs\MiKTeX\tex/generic/pgfplots\pgfplots.sca
ling.code.tex)
(C:\Users\jotav\AppData\Local\Programs\MiKTeX\tex/generic/pgfplots\pgfplotscoor
dprocessing.code.tex)
(C:\Users\jotav\AppData\Local\Programs\MiKTeX\tex/generic/pgfplots\pgfplots.err
orbars.code.tex)
(C:\Users\jotav\AppData\Local\Programs\MiKTeX\tex/generic/pgfplots\pgfplots.mar
kers.code.tex)
(C:\Users\jotav\AppData\Local\Programs\MiKTeX\tex/generic/pgfplots\pgfplotstick
s.code.tex)
(C:\Users\jotav\AppData\Local\Programs\MiKTeX\tex/generic/pgfplots\pgfplots.pat
hs.code.tex)
(C:\Users\jotav\AppData\Local\Programs\MiKTeX\tex/generic/pgf/frontendlayer/tik
z/libraries\tikzlibrarydecorations.code.tex
(C:\Users\jotav\AppData\Local\Programs\MiKTeX\tex/generic/pgf/modules\pgfmodule
decorations.code.tex
\pgfdecoratedcompleteddistance=\dimen324
\pgfdecoratedremainingdistance=\dimen325
\pgfdecoratedinputsegmentcompleteddistance=\dimen326
\pgfdecoratedinputsegmentremainingdistance=\dimen327
\pgf@decorate@distancetomove=\dimen328
\pgf@decorate@repeatstate=\count377
\pgfdecorationsegmentamplitude=\dimen329
\pgfdecorationsegmentlength=\dimen330
)
\tikz@lib@dec@box=\box85
)
(C:\Users\jotav\AppData\Local\Programs\MiKTeX\tex/generic/pgf/frontendlayer/tik
z/libraries\tikzlibrarydecorations.pathmorphing.code.tex
(C:\Users\jotav\AppData\Local\Programs\MiKTeX\tex/generic/pgf/libraries/decorat
ions\pgflibrarydecorations.pathmorphing.code.tex))
(C:\Users\jotav\AppData\Local\Programs\MiKTeX\tex/generic/pgf/frontendlayer/tik
z/libraries\tikzlibrarydecorations.pathreplacing.code.tex
(C:\Users\jotav\AppData\Local\Programs\MiKTeX\tex/generic/pgf/libraries/decorat
ions\pgflibrarydecorations.pathreplacing.code.tex))
(C:\Users\jotav\AppData\Local\Programs\MiKTeX\tex/generic/pgfplots/libs\tikzlib
rarypgfplots.contourlua.code.tex)
\pgfplots@numplots=\count378
\pgfplots@xmin@reg=\dimen331
\pgfplots@xmax@reg=\dimen332
\pgfplots@ymin@reg=\dimen333
\pgfplots@ymax@reg=\dimen334
\pgfplots@zmin@reg=\dimen335
\pgfplots@zmax@reg=\dimen336
)
(C:\Users\jotav\AppData\Local\Programs\MiKTeX\tex/generic/pgf/frontendlayer/tik
z/libraries\tikzlibraryplotmarks.code.tex
File: tikzlibraryplotmarks.code.tex 2025-08-29 v3.1.11a (3.1.11a)

(C:\Users\jotav\AppData\Local\Programs\MiKTeX\tex/generic/pgf/libraries\pgflibr
aryplotmarks.code.tex
File: pgflibraryplotmarks.code.tex 2025-08-29 v3.1.11a (3.1.11a)
)))
(C:\Users\jotav\AppData\Local\Programs\MiKTeX\tex/generic/pgf/libraries\pgflibr
aryarrows.meta.code.tex
File: pgflibraryarrows.meta.code.tex 2025-08-29 v3.1.11a (3.1.11a)
\pgfarrowinset=\dimen337
\pgfarrowlength=\dimen338
\pgfarrowwidth=\dimen339
\pgfarrowlinewidth=\dimen340
)
(C:\Users\jotav\AppData\Local\Programs\MiKTeX\tex/generic/pgf/frontendlayer/tik
z/libraries\tikzlibrarypositioning.code.tex
File: tikzlibrarypositioning.code.tex 2025-08-29 v3.1.11a (3.1.11a)
)
(C:\Users\jotav\AppData\Local\Programs\MiKTeX\tex/latex/tcolorbox\tcolorbox.sty
Package: tcolorbox 2026/05/28 version 6.10.0 text color boxes
(C:\Users\jotav\AppData\Local\Programs\MiKTeX\tex/latex/tools\verbatim.sty
Package: verbatim 2024-01-22 v1.5x LaTeX2e package for verbatim enhancements
\every@verbatim=\toks64
\verbatim@line=\toks65
\verbatim@in@stream=\read4
)
(C:\Users\jotav\AppData\Local\Programs\MiKTeX\tex/latex/environ\environ.sty
Package: environ 2014/05/04 v0.3 A new way to define environments

(C:\Users\jotav\AppData\Local\Programs\MiKTeX\tex/latex/trimspaces\trimspaces.s
ty
Package: trimspaces 2009/09/17 v1.1 Trim spaces around a token list
))
\tcb@titlebox=\box86
\tcb@upperbox=\box87
\tcb@lowerbox=\box88
\tcb@phantombox=\box89
\c@tcbbreakpart=\count379
\c@tcblayer=\count380
\c@tcolorbox@number=\count381
\l__tcobox_tmpa_box=\box90
\l__tcobox_tmpa_dim=\dimen341
\tcb@temp=\box91
\tcb@temp=\box92
\tcb@temp=\box93
\tcb@temp=\box94
)
(C:\Users\jotav\AppData\Local\Programs\MiKTeX\tex/latex/tcolorbox\tcbskins.code
.tex
Library (tcolorbox): 'tcbskins.code.tex' version '6.10.0'

(C:\Users\jotav\AppData\Local\Programs\MiKTeX\tex/latex/tikzfill\tikzfill.image
.sty
Package: tikzfill.image 2026/04/23 v1.2.0 Image filling library for TikZ

(C:\Users\jotav\AppData\Local\Programs\MiKTeX\tex/latex/tikzfill\tikzlibraryfil
l.image.code.tex
File: tikzlibraryfill.image.code.tex 2026/04/23 v1.2.0 Image filling library
\l__tikzfill_tmpa_dim=\dimen342
\l__tikzfill_tmpb_dim=\dimen343
\l__tikzfill_img_box=\box95
))
(C:\Users\jotav\AppData\Local\Programs\MiKTeX\tex/latex/tcolorbox\tcbskinsjigsa
w.code.tex
Library (tcolorbox): 'tcbskinsjigsaw.code.tex' version '6.10.0'
))
(C:\Users\jotav\AppData\Local\Programs\MiKTeX\tex/latex/tcolorbox\tcbbreakable.
code.tex
Library (tcolorbox): 'tcbbreakable.code.tex' version '6.10.0'
(C:\Users\jotav\AppData\Local\Programs\MiKTeX\tex/latex/pdfcol\pdfcol.sty
Package: pdfcol 2022-09-21 v1.7 Handle new color stacks for pdfTeX (HO)
)
Package pdfcol Info: New color stack `tcb@breakable' = 1 on input line 23.
\tcb@testbox=\box96
\tcb@totalupperbox=\box97
\tcb@totallowerbox=\box98
)
LaTeX Font Info:    Trying to load font information for T1+FiraSans-LF on input
 line 128.

(C:\Users\jotav\AppData\Local\Programs\MiKTeX\tex/latex/fira\t1firasans-lf.fd
File: T1FiraSans-LF.fd 2019/10/10 (autoinst) Font definitions for T1/FiraSans-L
F.
)
LaTeX Font Info:    Font shape `T1/FiraSans-LF/m/n' in size <10.95> not availab
le
(Font)              Font shape `T1/FiraSans-LF/regular/n' tried instead on inpu
t line 128.
LaTeX Font Info:    Font shape `T1/FiraSans-LF/regular/n' will be
(Font)              scaled to size 10.95pt on input line 128.

(C:\Users\jotav\AppData\Local\Programs\MiKTeX\tex/latex/l3backend\l3backend-pdf
tex.def
File: l3backend-pdftex.def 2026-02-18 L3 backend support: PDF output (pdfTeX)
\l__color_backend_stack_int=\count382
) (1rBAT_Teoria_ExponencialsLogaritmes.aux
Package babel Info: 'catalan' activates 'catalan' shorthands.
(babel)             Reported on input line 8.
)
\openout1 = `1rBAT_Teoria_ExponencialsLogaritmes.aux'.

LaTeX Font Info:    Checking defaults for OML/cmm/m/it on input line 128.
LaTeX Font Info:    ... okay on input line 128.
LaTeX Font Info:    Checking defaults for OMS/cmsy/m/n on input line 128.
LaTeX Font Info:    ... okay on input line 128.
LaTeX Font Info:    Checking defaults for OT1/cmr/m/n on input line 128.
LaTeX Font Info:    ... okay on input line 128.
LaTeX Font Info:    Checking defaults for T1/cmr/m/n on input line 128.
LaTeX Font Info:    ... okay on input line 128.
LaTeX Font Info:    Checking defaults for TS1/cmr/m/n on input line 128.
LaTeX Font Info:    ... okay on input line 128.
LaTeX Font Info:    Checking defaults for OMX/cmex/m/n on input line 128.
LaTeX Font Info:    ... okay on input line 128.
LaTeX Font Info:    Checking defaults for U/cmr/m/n on input line 128.
LaTeX Font Info:    ... okay on input line 128.
LaTeX Font Info:    Checking defaults for PD1/pdf/m/n on input line 128.
LaTeX Font Info:    ... okay on input line 128.
LaTeX Font Info:    Checking defaults for PU/pdf/m/n on input line 128.
LaTeX Font Info:    ... okay on input line 128.

*geometry* driver: auto-detecting
*geometry* detected driver: pdftex
*geometry* verbose mode - [ preamble ] result:
* driver: pdftex
* paper: custom
* layout: <same size as paper>
* layoutoffset:(h,v)=(0.0pt,0.0pt)
* modes: includehead includefoot 
* h-part:(L,W,R)=(28.45274pt, 398.3386pt, 28.45274pt)
* v-part:(T,H,B)=(0.0pt, 256.0748pt, 0.0pt)
* \paperwidth=455.24408pt
* \paperheight=256.0748pt
* \textwidth=398.3386pt
* \textheight=227.62207pt
* \oddsidemargin=-43.81725pt
* \evensidemargin=-43.81725pt
* \topmargin=-72.26999pt
* \headheight=14.22636pt
* \headsep=0.0pt
* \topskip=11.0pt
* \footskip=14.22636pt
* \marginparwidth=4.0pt
* \marginparsep=10.0pt
* \columnsep=10.0pt
* \skip\footins=10.0pt plus 4.0pt minus 2.0pt
* \hoffset=0.0pt
* \voffset=0.0pt
* \mag=1000
* \@twocolumnfalse
* \@twosidefalse
* \@mparswitchfalse
* \@reversemarginfalse
* (1in=72.27pt=25.4mm, 1cm=28.453pt)


(C:\Users\jotav\AppData\Local\Programs\MiKTeX\tex/context/base/mkii\supp-pdf.mk
ii
[Loading MPS to PDF converter (version 2006.09.02).]
\scratchcounter=\count383
\scratchdimen=\dimen344
\scratchbox=\box99
\nofMPsegments=\count384
\nofMParguments=\count385
\everyMPshowfont=\toks66
\MPscratchCnt=\count386
\MPscratchDim=\dimen345
\MPnumerator=\count387
\makeMPintoPDFobject=\count388
\everyMPtoPDFconversion=\toks67
)
(C:\Users\jotav\AppData\Local\Programs\MiKTeX\tex/latex/epstopdf-pkg\epstopdf-b
ase.sty
Package: epstopdf-base 2020-01-24 v2.11 Base part for package epstopdf
Package epstopdf-base Info: Redefining graphics rule for `.eps' on input line 4
85.

(C:\Users\jotav\AppData\Local\Programs\MiKTeX\tex/latex/00miktex\epstopdf-sys.c
fg
File: epstopdf-sys.cfg 2021/03/18 v2.0 Configuration of epstopdf for MiKTeX
))
Package hyperref Info: Link coloring OFF on input line 128.
 (1rBAT_Teoria_ExponencialsLogaritmes.out)
(1rBAT_Teoria_ExponencialsLogaritmes.out)
\@outlinefile=\write5
\openout5 = `1rBAT_Teoria_ExponencialsLogaritmes.out'.

LaTeX Font Info:    Overwriting symbol font `operators' in version `normal'
(Font)                  OT1/cmr/m/n --> OT1/cmss/m/n on input line 128.
LaTeX Font Info:    Overwriting symbol font `operators' in version `bold'
(Font)                  OT1/cmr/bx/n --> OT1/cmss/b/n on input line 128.
\symnumbers=\mathgroup8
\sympureletters=\mathgroup9
LaTeX Font Info:    Overwriting math alphabet `\mathrm' in version `normal'
(Font)                  OT1/cmss/m/n --> T1/cmr/m/n on input line 128.
LaTeX Font Info:    Redeclaring math alphabet \mathbf on input line 128.
LaTeX Font Info:    Overwriting math alphabet `\mathbf' in version `normal'
(Font)                  OT1/cmr/bx/n --> T1/FiraSans-LF/b/n on input line 128.
LaTeX Font Info:    Overwriting math alphabet `\mathbf' in version `bold'
(Font)                  OT1/cmr/bx/n --> T1/FiraSans-LF/b/n on input line 128.
LaTeX Font Info:    Redeclaring math alphabet \mathsf on input line 128.
LaTeX Font Info:    Overwriting math alphabet `\mathsf' in version `normal'
(Font)                  OT1/cmss/m/n --> T1/FiraSans-LF/m/n on input line 128.
LaTeX Font Info:    Overwriting math alphabet `\mathsf' in version `bold'
(Font)                  OT1/cmss/bx/n --> T1/FiraSans-LF/m/n on input line 128.

LaTeX Font Info:    Redeclaring math alphabet \mathit on input line 128.
LaTeX Font Info:    Overwriting math alphabet `\mathit' in version `normal'
(Font)                  OT1/cmr/m/it --> T1/FiraSans-LF/m/it on input line 128.

LaTeX Font Info:    Overwriting math alphabet `\mathit' in version `bold'
(Font)                  OT1/cmr/bx/it --> T1/FiraSans-LF/m/it on input line 128
.
LaTeX Font Info:    Redeclaring math alphabet \mathtt on input line 128.
LaTeX Font Info:    Overwriting math alphabet `\mathtt' in version `normal'
(Font)                  OT1/cmtt/m/n --> T1/cmtt/m/n on input line 128.
LaTeX Font Info:    Overwriting math alphabet `\mathtt' in version `bold'
(Font)                  OT1/cmtt/m/n --> T1/cmtt/m/n on input line 128.
LaTeX Font Info:    Overwriting symbol font `numbers' in version `bold'
(Font)                  T1/FiraSans-LF/m/n --> T1/FiraSans-LF/b/n on input line
 128.
LaTeX Font Info:    Overwriting symbol font `pureletters' in version `bold'
(Font)                  T1/FiraSans-LF/m/it --> T1/FiraSans-LF/b/it on input li
ne 128.
LaTeX Font Info:    Overwriting math alphabet `\mathrm' in version `bold'
(Font)                  OT1/cmss/b/n --> T1/cmr/b/n on input line 128.
LaTeX Font Info:    Overwriting math alphabet `\mathbf' in version `bold'
(Font)                  T1/FiraSans-LF/b/n --> T1/FiraSans-LF/b/n on input line
 128.
LaTeX Font Info:    Overwriting math alphabet `\mathsf' in version `bold'
(Font)                  T1/FiraSans-LF/m/n --> T1/FiraSans-LF/b/n on input line
 128.
LaTeX Font Info:    Overwriting math alphabet `\mathit' in version `bold'
(Font)                  T1/FiraSans-LF/m/it --> T1/FiraSans-LF/b/it on input li
ne 128.
LaTeX Font Info:    Overwriting math alphabet `\mathtt' in version `bold'
(Font)                  T1/cmtt/m/n --> T1/cmtt/b/n on input line 128.

(C:\Users\jotav\AppData\Local\Programs\MiKTeX\tex/latex/translator\translator-b
asic-dictionary-English.dict
Dictionary: translator-basic-dictionary, Language: English 
)
(C:\Users\jotav\AppData\Local\Programs\MiKTeX\tex/latex/translator\translator-b
ibliography-dictionary-English.dict
Dictionary: translator-bibliography-dictionary, Language: English 
)
(C:\Users\jotav\AppData\Local\Programs\MiKTeX\tex/latex/translator\translator-e
nvironment-dictionary-English.dict
Dictionary: translator-environment-dictionary, Language: English 
)
(C:\Users\jotav\AppData\Local\Programs\MiKTeX\tex/latex/translator\translator-m
onths-dictionary-English.dict
Dictionary: translator-months-dictionary, Language: English 
)
(C:\Users\jotav\AppData\Local\Programs\MiKTeX\tex/latex/translator\translator-n
umbers-dictionary-English.dict
Dictionary: translator-numbers-dictionary, Language: English 
)
(C:\Users\jotav\AppData\Local\Programs\MiKTeX\tex/latex/translator\translator-t
heorem-dictionary-English.dict
Dictionary: translator-theorem-dictionary, Language: English 
)
LaTeX Info: Redefining \l on input line 128.
LaTeX Info: Redefining \L on input line 128.
\c@mv@tabular=\count389
\c@mv@boldtabular=\count390

Package pgfplots notification 'compat/show suggested version=true': document ha
s been generated with the most recent feature set (\pgfplotsset{compat=1.18}).

(1rBAT_Teoria_ExponencialsLogaritmes.nav)
LaTeX Font Info:    Font shape `T1/FiraSans-LF/m/n' in size <6> not available
(Font)              Font shape `T1/FiraSans-LF/regular/n' tried instead on inpu
t line 128.
LaTeX Font Info:    Font shape `T1/FiraSans-LF/regular/n' will be
(Font)              scaled to size 6.0pt on input line 128.
LaTeX Font Info:    Font shape `T1/FiraSans-LF/m/n' in size <10> not available
(Font)              Font shape `T1/FiraSans-LF/regular/n' tried instead on inpu
t line 128.
LaTeX Font Info:    Font shape `T1/FiraSans-LF/regular/n' will be
(Font)              scaled to size 10.0pt on input line 128.
LaTeX Font Info:    Font shape `T1/FiraSans-LF/b/n' in size <10> not available
(Font)              Font shape `T1/FiraSans-LF/bold/n' tried instead on input l
ine 128.
LaTeX Font Info:    Font shape `T1/FiraSans-LF/bold/n' will be
(Font)              scaled to size 10.0pt on input line 128.

Overfull \hbox (47.33174pt too wide) in paragraph at lines 128--128
 [][][]\T1/FiraSans-LF/regular/n/6 ,[0.08cm] 
 []


Overfull \hbox (47.33174pt too wide) in paragraph at lines 140--140
 [][][]\T1/FiraSans-LF/regular/n/6 ,[0.08cm] 
 []

<LogoInstitut.png, id=44, 223.58531pt x 167.87718pt>
File: LogoInstitut.png Graphic file (type png)
<use LogoInstitut.png>
Package pdftex.def Info: LogoInstitut.png  used on input line 140.
(pdftex.def)             Requested size: 62.59596pt x 47.00015pt.
LaTeX Font Info:    Font shape `T1/FiraSans-LF/m/n' in size <24.88> not availab
le
(Font)              Font shape `T1/FiraSans-LF/regular/n' tried instead on inpu
t line 140.
LaTeX Font Info:    Font shape `T1/FiraSans-LF/regular/n' will be
(Font)              scaled to size 24.88pt on input line 140.
LaTeX Font Info:    Font shape `T1/FiraSans-LF/b/n' in size <24.88> not availab
le
(Font)              Font shape `T1/FiraSans-LF/bold/n' tried instead on input l
ine 140.
LaTeX Font Info:    Font shape `T1/FiraSans-LF/bold/n' will be
(Font)              scaled to size 24.88pt on input line 140.
LaTeX Font Info:    Font shape `T1/FiraSans-LF/m/n' in size <12> not available
(Font)              Font shape `T1/FiraSans-LF/regular/n' tried instead on inpu
t line 140.
LaTeX Font Info:    Font shape `T1/FiraSans-LF/regular/n' will be
(Font)              scaled to size 12.0pt on input line 140.
[1

{C:/Users/jotav/AppData/Local/MiKTeX/fonts/map/pdftex/pdftex.map}{C:/Users/jota
v/AppData/Local/Programs/MiKTeX/fonts/enc/dvips/fira/fir_tz2nek.enc} <./LogoIns
titut.png>]
Overfull \hbox (47.33174pt too wide) in paragraph at lines 146--146
 [][][]\T1/FiraSans-LF/regular/n/6 ,[0.08cm] 
 []

(1rBAT_Teoria_ExponencialsLogaritmes.toc)
LaTeX Font Info:    Font shape `T1/FiraSans-LF/m/n' in size <14.4> not availabl
e
(Font)              Font shape `T1/FiraSans-LF/regular/n' tried instead on inpu
t line 146.
LaTeX Font Info:    Font shape `T1/FiraSans-LF/regular/n' will be
(Font)              scaled to size 14.4pt on input line 146.
LaTeX Font Info:    Font shape `T1/FiraSans-LF/b/n' in size <14.4> not availabl
e
(Font)              Font shape `T1/FiraSans-LF/bold/n' tried instead on input l
ine 146.
LaTeX Font Info:    Font shape `T1/FiraSans-LF/bold/n' will be
(Font)              scaled to size 14.4pt on input line 146.
LaTeX Font Info:    Font shape `T1/FiraSans-LF/m/n' in size <4> not available
(Font)              Font shape `T1/FiraSans-LF/regular/n' tried instead on inpu
t line 146.
LaTeX Font Info:    Font shape `T1/FiraSans-LF/regular/n' will be
(Font)              scaled to size 4.0pt on input line 146.

Overfull \hbox (47.33174pt too wide) has occurred while \output is active
 [][][]\T1/FiraSans-LF/regular/n/6 ,[0.08cm] 
 []

[2

]
Overfull \hbox (47.33174pt too wide) in paragraph at lines 192--192
 [][][]\T1/FiraSans-LF/regular/n/6 ,[0.08cm] 
 []

LaTeX Font Info:    Trying to load font information for U+msa on input line 192
.
(C:\Users\jotav\AppData\Local\Programs\MiKTeX\tex/latex/amsfonts\umsa.fd
File: umsa.fd 2013/01/14 v3.01 AMS symbols A
)
LaTeX Font Info:    Trying to load font information for U+msb on input line 192
.

(C:\Users\jotav\AppData\Local\Programs\MiKTeX\tex/latex/amsfonts\umsb.fd
File: umsb.fd 2013/01/14 v3.01 AMS symbols B
)
LaTeX Font Info:    Font shape `T1/FiraSans-LF/m/n' in size <9> not available
(Font)              Font shape `T1/FiraSans-LF/regular/n' tried instead on inpu
t line 192.
LaTeX Font Info:    Font shape `T1/FiraSans-LF/regular/n' will be
(Font)              scaled to size 9.0pt on input line 192.
LaTeX Font Info:    Font shape `T1/FiraSans-LF/m/n' in size <7> not available
(Font)              Font shape `T1/FiraSans-LF/regular/n' tried instead on inpu
t line 192.
LaTeX Font Info:    Font shape `T1/FiraSans-LF/regular/n' will be
(Font)              scaled to size 7.0pt on input line 192.
LaTeX Font Info:    Font shape `T1/FiraSans-LF/m/it' in size <10.95> not availa
ble
(Font)              Font shape `T1/FiraSans-LF/regular/it' tried instead on inp
ut line 192.
LaTeX Font Info:    Font shape `T1/FiraSans-LF/regular/it' will be
(Font)              scaled to size 10.95pt on input line 192.
LaTeX Font Info:    Font shape `T1/FiraSans-LF/m/it' in size <9> not available
(Font)              Font shape `T1/FiraSans-LF/regular/it' tried instead on inp
ut line 192.
LaTeX Font Info:    Font shape `T1/FiraSans-LF/regular/it' will be
(Font)              scaled to size 9.0pt on input line 192.
LaTeX Font Info:    Font shape `T1/FiraSans-LF/m/it' in size <7> not available
(Font)              Font shape `T1/FiraSans-LF/regular/it' tried instead on inp
ut line 192.
LaTeX Font Info:    Font shape `T1/FiraSans-LF/regular/it' will be
(Font)              scaled to size 7.0pt on input line 192.
LaTeX Font Info:    Font shape `T1/FiraSans-LF/m/n' in size <5> not available
(Font)              Font shape `T1/FiraSans-LF/regular/n' tried instead on inpu
t line 192.
LaTeX Font Info:    Font shape `T1/FiraSans-LF/regular/n' will be
(Font)              scaled to size 5.0pt on input line 192.
LaTeX Font Info:    Font shape `T1/FiraSans-LF/m/it' in size <6> not available
(Font)              Font shape `T1/FiraSans-LF/regular/it' tried instead on inp
ut line 192.
LaTeX Font Info:    Font shape `T1/FiraSans-LF/regular/it' will be
(Font)              scaled to size 6.0pt on input line 192.
LaTeX Font Info:    Font shape `T1/FiraSans-LF/m/it' in size <5> not available
(Font)              Font shape `T1/FiraSans-LF/regular/it' tried instead on inp
ut line 192.
LaTeX Font Info:    Font shape `T1/FiraSans-LF/regular/it' will be
(Font)              scaled to size 5.0pt on input line 192.
LaTeX Font Info:    Font shape `T1/FiraSans-LF/m/n' in size <8> not available
(Font)              Font shape `T1/FiraSans-LF/regular/n' tried instead on inpu
t line 192.
LaTeX Font Info:    Font shape `T1/FiraSans-LF/regular/n' will be
(Font)              scaled to size 8.0pt on input line 192.
LaTeX Font Info:    Font shape `T1/FiraSans-LF/m/it' in size <10> not available

(Font)              Font shape `T1/FiraSans-LF/regular/it' tried instead on inp
ut line 192.
LaTeX Font Info:    Font shape `T1/FiraSans-LF/regular/it' will be
(Font)              scaled to size 10.0pt on input line 192.
LaTeX Font Info:    Font shape `T1/FiraSans-LF/m/it' in size <8> not available
(Font)              Font shape `T1/FiraSans-LF/regular/it' tried instead on inp
ut line 192.
LaTeX Font Info:    Font shape `T1/FiraSans-LF/regular/it' will be
(Font)              scaled to size 8.0pt on input line 192.

Overfull \hbox (47.33174pt too wide) has occurred while \output is active
 [][][]\T1/FiraSans-LF/regular/n/6 ,[0.08cm] 
 []

[3

]
Overfull \hbox (47.33174pt too wide) has occurred while \output is active
 [][][]\T1/FiraSans-LF/regular/n/6 ,[0.08cm] 
 []

[4

]
Overfull \hbox (47.33174pt too wide) has occurred while \output is active
 [][][]\T1/FiraSans-LF/regular/n/6 ,[0.08cm] 
 []

[5

]
Overfull \hbox (47.33174pt too wide) has occurred while \output is active
 [][][]\T1/FiraSans-LF/regular/n/6 ,[0.08cm] 
 []

[6

]
Overfull \hbox (47.33174pt too wide) has occurred while \output is active
 [][][]\T1/FiraSans-LF/regular/n/6 ,[0.08cm] 
 []

[7

]
Overfull \hbox (47.33174pt too wide) has occurred while \output is active
 [][][]\T1/FiraSans-LF/regular/n/6 ,[0.08cm] 
 []

[8

]
Overfull \hbox (47.33174pt too wide) has occurred while \output is active
 [][][]\T1/FiraSans-LF/regular/n/6 ,[0.08cm] 
 []

[9

]
Overfull \hbox (47.33174pt too wide) has occurred while \output is active
 [][][]\T1/FiraSans-LF/regular/n/6 ,[0.08cm] 
 []

[10

]
Overfull \hbox (47.33174pt too wide) has occurred while \output is active
 [][][]\T1/FiraSans-LF/regular/n/6 ,[0.08cm] 
 []

[11

]
Overfull \hbox (47.33174pt too wide) in paragraph at lines 254--254
 [][][]\T1/FiraSans-LF/regular/n/6 ,[0.08cm] 
 []

LaTeX Font Info:    Font shape `T1/FiraSans-LF/b/n' in size <8> not available
(Font)              Font shape `T1/FiraSans-LF/bold/n' tried instead on input l
ine 254.
LaTeX Font Info:    Font shape `T1/FiraSans-LF/bold/n' will be
(Font)              scaled to size 8.0pt on input line 254.

Overfull \hbox (47.33174pt too wide) has occurred while \output is active
 [][][]\T1/FiraSans-LF/regular/n/6 ,[0.08cm] 
 []

[12

]
Overfull \hbox (47.33174pt too wide) has occurred while \output is active
 [][][]\T1/FiraSans-LF/regular/n/6 ,[0.08cm] 
 []

[13

]
Overfull \hbox (47.33174pt too wide) has occurred while \output is active
 [][][]\T1/FiraSans-LF/regular/n/6 ,[0.08cm] 
 []

[14

]
Overfull \hbox (47.33174pt too wide) has occurred while \output is active
 [][][]\T1/FiraSans-LF/regular/n/6 ,[0.08cm] 
 []

[15

]
Overfull \hbox (47.33174pt too wide) has occurred while \output is active
 [][][]\T1/FiraSans-LF/regular/n/6 ,[0.08cm] 
 []

[16

]
Overfull \hbox (47.33174pt too wide) has occurred while \output is active
 [][][]\T1/FiraSans-LF/regular/n/6 ,[0.08cm] 
 []

[17

]
Overfull \hbox (47.33174pt too wide) has occurred while \output is active
 [][][]\T1/FiraSans-LF/regular/n/6 ,[0.08cm] 
 []

[18

]
Overfull \hbox (47.33174pt too wide) has occurred while \output is active
 [][][]\T1/FiraSans-LF/regular/n/6 ,[0.08cm] 
 []

[19

]
Overfull \hbox (47.33174pt too wide) has occurred while \output is active
 [][][]\T1/FiraSans-LF/regular/n/6 ,[0.08cm] 
 []

[20

]
Overfull \hbox (47.33174pt too wide) has occurred while \output is active
 [][][]\T1/FiraSans-LF/regular/n/6 ,[0.08cm] 
 []

[21

]
Overfull \hbox (47.33174pt too wide) in paragraph at lines 371--371
 [][][]\T1/FiraSans-LF/regular/n/6 ,[0.08cm] 
 []


Overfull \hbox (47.33174pt too wide) has occurred while \output is active
 [][][]\T1/FiraSans-LF/regular/n/6 ,[0.08cm] 
 []

[22

]
Overfull \hbox (47.33174pt too wide) has occurred while \output is active
 [][][]\T1/FiraSans-LF/regular/n/6 ,[0.08cm] 
 []

[23

]
Overfull \hbox (47.33174pt too wide) has occurred while \output is active
 [][][]\T1/FiraSans-LF/regular/n/6 ,[0.08cm] 
 []

[24

]
Overfull \hbox (47.33174pt too wide) has occurred while \output is active
 [][][]\T1/FiraSans-LF/regular/n/6 ,[0.08cm] 
 []

[25

]
Overfull \hbox (47.33174pt too wide) has occurred while \output is active
 [][][]\T1/FiraSans-LF/regular/n/6 ,[0.08cm] 
 []

[26

]
Overfull \hbox (47.33174pt too wide) has occurred while \output is active
 [][][]\T1/FiraSans-LF/regular/n/6 ,[0.08cm] 
 []

[27

]
Overfull \hbox (47.33174pt too wide) has occurred while \output is active
 [][][]\T1/FiraSans-LF/regular/n/6 ,[0.08cm] 
 []

[28

]
Overfull \hbox (47.33174pt too wide) has occurred while \output is active
 [][][]\T1/FiraSans-LF/regular/n/6 ,[0.08cm] 
 []

[29

]
Overfull \hbox (47.33174pt too wide) has occurred while \output is active
 [][][]\T1/FiraSans-LF/regular/n/6 ,[0.08cm] 
 []

[30

]
Overfull \hbox (47.33174pt too wide) has occurred while \output is active
 [][][]\T1/FiraSans-LF/regular/n/6 ,[0.08cm] 
 []

[31

]
Overfull \hbox (47.33174pt too wide) has occurred while \output is active
 [][][]\T1/FiraSans-LF/regular/n/6 ,[0.08cm] 
 []

[32

]
Overfull \hbox (47.33174pt too wide) has occurred while \output is active
 [][][]\T1/FiraSans-LF/regular/n/6 ,[0.08cm] 
 []

[33

]
Overfull \hbox (47.33174pt too wide) has occurred while \output is active
 [][][]\T1/FiraSans-LF/regular/n/6 ,[0.08cm] 
 []

[34

]
Overfull \hbox (47.33174pt too wide) has occurred while \output is active
 [][][]\T1/FiraSans-LF/regular/n/6 ,[0.08cm] 
 []

[35

]
Overfull \hbox (47.33174pt too wide) has occurred while \output is active
 [][][]\T1/FiraSans-LF/regular/n/6 ,[0.08cm] 
 []

[36

]
Overfull \hbox (47.33174pt too wide) has occurred while \output is active
 [][][]\T1/FiraSans-LF/regular/n/6 ,[0.08cm] 
 []

[37

]
Overfull \hbox (47.33174pt too wide) has occurred while \output is active
 [][][]\T1/FiraSans-LF/regular/n/6 ,[0.08cm] 
 []

[38

]
Overfull \hbox (47.33174pt too wide) has occurred while \output is active
 [][][]\T1/FiraSans-LF/regular/n/6 ,[0.08cm] 
 []

[39

]
Overfull \hbox (47.33174pt too wide) has occurred while \output is active
 [][][]\T1/FiraSans-LF/regular/n/6 ,[0.08cm] 
 []

[40

]
Overfull \hbox (47.33174pt too wide) has occurred while \output is active
 [][][]\T1/FiraSans-LF/regular/n/6 ,[0.08cm] 
 []

[41

]
Overfull \hbox (47.33174pt too wide) in paragraph at lines 470--470
 [][][]\T1/FiraSans-LF/regular/n/6 ,[0.08cm] 
 []


Overfull \hbox (47.33174pt too wide) has occurred while \output is active
 [][][]\T1/FiraSans-LF/regular/n/6 ,[0.08cm] 
 []

[42

]
Overfull \hbox (47.33174pt too wide) has occurred while \output is active
 [][][]\T1/FiraSans-LF/regular/n/6 ,[0.08cm] 
 []

[43

]
Overfull \hbox (47.33174pt too wide) has occurred while \output is active
 [][][]\T1/FiraSans-LF/regular/n/6 ,[0.08cm] 
 []

[44

]
Overfull \hbox (47.33174pt too wide) has occurred while \output is active
 [][][]\T1/FiraSans-LF/regular/n/6 ,[0.08cm] 
 []

[45

]
Overfull \hbox (47.33174pt too wide) has occurred while \output is active
 [][][]\T1/FiraSans-LF/regular/n/6 ,[0.08cm] 
 []

[46

]
Overfull \hbox (47.33174pt too wide) has occurred while \output is active
 [][][]\T1/FiraSans-LF/regular/n/6 ,[0.08cm] 
 []

[47

]
Overfull \hbox (47.33174pt too wide) has occurred while \output is active
 [][][]\T1/FiraSans-LF/regular/n/6 ,[0.08cm] 
 []

[48

]
Overfull \hbox (47.33174pt too wide) has occurred while \output is active
 [][][]\T1/FiraSans-LF/regular/n/6 ,[0.08cm] 
 []

[49

]
Overfull \hbox (47.33174pt too wide) in paragraph at lines 552--552
 [][][]\T1/FiraSans-LF/regular/n/6 ,[0.08cm] 
 []


Overfull \hbox (47.33174pt too wide) has occurred while \output is active
 [][][]\T1/FiraSans-LF/regular/n/6 ,[0.08cm] 
 []

[50

]
Overfull \hbox (47.33174pt too wide) has occurred while \output is active
 [][][]\T1/FiraSans-LF/regular/n/6 ,[0.08cm] 
 []

[51

]
Overfull \hbox (47.33174pt too wide) has occurred while \output is active
 [][][]\T1/FiraSans-LF/regular/n/6 ,[0.08cm] 
 []

[52

]
Overfull \hbox (47.33174pt too wide) has occurred while \output is active
 [][][]\T1/FiraSans-LF/regular/n/6 ,[0.08cm] 
 []

[53

]
Overfull \hbox (47.33174pt too wide) has occurred while \output is active
 [][][]\T1/FiraSans-LF/regular/n/6 ,[0.08cm] 
 []

[54

]
Overfull \hbox (47.33174pt too wide) has occurred while \output is active
 [][][]\T1/FiraSans-LF/regular/n/6 ,[0.08cm] 
 []

[55

]
Overfull \hbox (47.33174pt too wide) has occurred while \output is active
 [][][]\T1/FiraSans-LF/regular/n/6 ,[0.08cm] 
 []

[56

]
Overfull \hbox (47.33174pt too wide) in paragraph at lines 619--619
 [][][]\T1/FiraSans-LF/regular/n/6 ,[0.08cm] 
 []


Overfull \hbox (47.33174pt too wide) has occurred while \output is active
 [][][]\T1/FiraSans-LF/regular/n/6 ,[0.08cm] 
 []

[57

]
Overfull \hbox (47.33174pt too wide) has occurred while \output is active
 [][][]\T1/FiraSans-LF/regular/n/6 ,[0.08cm] 
 []

[58

]
Underfull \hbox (badness 10000) in paragraph at lines 619--619

 []


Overfull \hbox (47.33174pt too wide) has occurred while \output is active
 [][][]\T1/FiraSans-LF/regular/n/6 ,[0.08cm] 
 []

[59

]
Underfull \hbox (badness 10000) in paragraph at lines 619--619

 []


Overfull \hbox (47.33174pt too wide) has occurred while \output is active
 [][][]\T1/FiraSans-LF/regular/n/6 ,[0.08cm] 
 []

[60

]
Underfull \hbox (badness 10000) in paragraph at lines 619--619

 []


Overfull \hbox (47.33174pt too wide) has occurred while \output is active
 [][][]\T1/FiraSans-LF/regular/n/6 ,[0.08cm] 
 []

[61

]
Overfull \hbox (47.33174pt too wide) has occurred while \output is active
 [][][]\T1/FiraSans-LF/regular/n/6 ,[0.08cm] 
 []

[62

]
Overfull \vbox (0.12393pt too high) detected at line 619
 []


Overfull \hbox (47.33174pt too wide) has occurred while \output is active
 [][][]\T1/FiraSans-LF/regular/n/6 ,[0.08cm] 
 []

[63

]
Overfull \vbox (0.12393pt too high) detected at line 619
 []


Overfull \hbox (47.33174pt too wide) has occurred while \output is active
 [][][]\T1/FiraSans-LF/regular/n/6 ,[0.08cm] 
 []

[64

]
Overfull \vbox (0.12393pt too high) detected at line 619
 []


Overfull \hbox (47.33174pt too wide) has occurred while \output is active
 [][][]\T1/FiraSans-LF/regular/n/6 ,[0.08cm] 
 []

[65

]
Overfull \vbox (0.12393pt too high) detected at line 619
 []


Overfull \hbox (47.33174pt too wide) has occurred while \output is active
 [][][]\T1/FiraSans-LF/regular/n/6 ,[0.08cm] 
 []

[66

]
Overfull \hbox (47.33174pt too wide) in paragraph at lines 644--644
 [][][]\T1/FiraSans-LF/regular/n/6 ,[0.08cm] 
 []


Overfull \hbox (47.33174pt too wide) has occurred while \output is active
 [][][]\T1/FiraSans-LF/regular/n/6 ,[0.08cm] 
 []

[67

]
Overfull \hbox (47.33174pt too wide) has occurred while \output is active
 [][][]\T1/FiraSans-LF/regular/n/6 ,[0.08cm] 
 []

[68

]
Overfull \hbox (47.33174pt too wide) has occurred while \output is active
 [][][]\T1/FiraSans-LF/regular/n/6 ,[0.08cm] 
 []

[69

]
Overfull \hbox (47.33174pt too wide) has occurred while \output is active
 [][][]\T1/FiraSans-LF/regular/n/6 ,[0.08cm] 
 []

[70

]
Overfull \hbox (47.33174pt too wide) has occurred while \output is active
 [][][]\T1/FiraSans-LF/regular/n/6 ,[0.08cm] 
 []

[71

]
Overfull \hbox (47.33174pt too wide) has occurred while \output is active
 [][][]\T1/FiraSans-LF/regular/n/6 ,[0.08cm] 
 []

[72

]
Overfull \hbox (47.33174pt too wide) has occurred while \output is active
 [][][]\T1/FiraSans-LF/regular/n/6 ,[0.08cm] 
 []

[73

]
Overfull \hbox (47.33174pt too wide) has occurred while \output is active
 [][][]\T1/FiraSans-LF/regular/n/6 ,[0.08cm] 
 []

[74

]
Overfull \hbox (47.33174pt too wide) in paragraph at lines 675--675
 [][][]\T1/FiraSans-LF/regular/n/6 ,[0.08cm] 
 []


Overfull \hbox (47.33174pt too wide) has occurred while \output is active
 [][][]\T1/FiraSans-LF/regular/n/6 ,[0.08cm] 
 []

[75

]
Overfull \hbox (47.33174pt too wide) has occurred while \output is active
 [][][]\T1/FiraSans-LF/regular/n/6 ,[0.08cm] 
 []

[76

]
Overfull \hbox (47.33174pt too wide) has occurred while \output is active
 [][][]\T1/FiraSans-LF/regular/n/6 ,[0.08cm] 
 []

[77

]
LaTeX Font Info:    Font shape `T1/FiraSans-LF/b/n' in size <6> not available
(Font)              Font shape `T1/FiraSans-LF/bold/n' tried instead on input l
ine 675.
LaTeX Font Info:    Font shape `T1/FiraSans-LF/bold/n' will be
(Font)              scaled to size 6.0pt on input line 675.

Overfull \hbox (47.33174pt too wide) has occurred while \output is active
 [][][]\T1/FiraSans-LF/regular/n/6 ,[0.08cm] 
 []

[78

]
Overfull \hbox (47.33174pt too wide) has occurred while \output is active
 [][][]\T1/FiraSans-LF/regular/n/6 ,[0.08cm] 
 []

[79

]
Overfull \hbox (47.33174pt too wide) has occurred while \output is active
 [][][]\T1/FiraSans-LF/regular/n/6 ,[0.08cm] 
 []

[80

]
Overfull \hbox (47.33174pt too wide) has occurred while \output is active
 [][][]\T1/FiraSans-LF/regular/n/6 ,[0.08cm] 
 []

[81

]
Overfull \hbox (47.33174pt too wide) in paragraph at lines 708--708
 [][][]\T1/FiraSans-LF/regular/n/6 ,[0.08cm] 
 []


Overfull \hbox (47.33174pt too wide) has occurred while \output is active
 [][][]\T1/FiraSans-LF/regular/n/6 ,[0.08cm] 
 []

[82

]
Overfull \hbox (47.33174pt too wide) has occurred while \output is active
 [][][]\T1/FiraSans-LF/regular/n/6 ,[0.08cm] 
 []

[83

]
Overfull \hbox (47.33174pt too wide) has occurred while \output is active
 [][][]\T1/FiraSans-LF/regular/n/6 ,[0.08cm] 
 []

[84

]
Overfull \hbox (47.33174pt too wide) has occurred while \output is active
 [][][]\T1/FiraSans-LF/regular/n/6 ,[0.08cm] 
 []

[85

]
Overfull \hbox (47.33174pt too wide) has occurred while \output is active
 [][][]\T1/FiraSans-LF/regular/n/6 ,[0.08cm] 
 []

[86

]
Overfull \hbox (47.33174pt too wide) has occurred while \output is active
 [][][]\T1/FiraSans-LF/regular/n/6 ,[0.08cm] 
 []

[87

]
Overfull \hbox (47.33174pt too wide) has occurred while \output is active
 [][][]\T1/FiraSans-LF/regular/n/6 ,[0.08cm] 
 []

[88

]
Overfull \hbox (47.33174pt too wide) has occurred while \output is active
 [][][]\T1/FiraSans-LF/regular/n/6 ,[0.08cm] 
 []

[89

]
Overfull \hbox (47.33174pt too wide) has occurred while \output is active
 [][][]\T1/FiraSans-LF/regular/n/6 ,[0.08cm] 
 []

[90

]
Overfull \hbox (47.33174pt too wide) in paragraph at lines 736--736
 [][][]\T1/FiraSans-LF/regular/n/6 ,[0.08cm] 
 []


Underfull \hbox (badness 10000) detected at line 736
[][][][][][][][][]
 []


Overfull \hbox (47.33174pt too wide) has occurred while \output is active
 [][][]\T1/FiraSans-LF/regular/n/6 ,[0.08cm] 
 []

[91

]
Underfull \hbox (badness 10000) detected at line 736
[][][][][][][][][]
 []


Overfull \hbox (47.33174pt too wide) has occurred while \output is active
 [][][]\T1/FiraSans-LF/regular/n/6 ,[0.08cm] 
 []

[92

]
Underfull \hbox (badness 10000) detected at line 736
[][][][][][][][][]
 []


Overfull \hbox (47.33174pt too wide) has occurred while \output is active
 [][][]\T1/FiraSans-LF/regular/n/6 ,[0.08cm] 
 []

[93

]
Underfull \hbox (badness 10000) detected at line 736
[][][][][][][][][]
 []


Overfull \hbox (47.33174pt too wide) has occurred while \output is active
 [][][]\T1/FiraSans-LF/regular/n/6 ,[0.08cm] 
 []

[94

]
Underfull \hbox (badness 10000) detected at line 736
[][][][][][][][][]
 []


Overfull \hbox (47.33174pt too wide) has occurred while \output is active
 [][][]\T1/FiraSans-LF/regular/n/6 ,[0.08cm] 
 []

[95

]
Underfull \hbox (badness 10000) detected at line 736
[][][][][][][][][]
 []


Overfull \hbox (47.33174pt too wide) has occurred while \output is active
 [][][]\T1/FiraSans-LF/regular/n/6 ,[0.08cm] 
 []

[96

]
Underfull \hbox (badness 10000) detected at line 736
[][][][][][][][][]
 []


Overfull \hbox (47.33174pt too wide) has occurred while \output is active
 [][][]\T1/FiraSans-LF/regular/n/6 ,[0.08cm] 
 []

[97

]
Overfull \hbox (47.33174pt too wide) in paragraph at lines 755--755
 [][][]\T1/FiraSans-LF/regular/n/6 ,[0.08cm] 
 []


Overfull \hbox (47.33174pt too wide) has occurred while \output is active
 [][][]\T1/FiraSans-LF/regular/n/6 ,[0.08cm] 
 []

[98

]
Overfull \hbox (47.33174pt too wide) has occurred while \output is active
 [][][]\T1/FiraSans-LF/regular/n/6 ,[0.08cm] 
 []

[99

]
Overfull \hbox (47.33174pt too wide) has occurred while \output is active
 [][][]\T1/FiraSans-LF/regular/n/6 ,[0.08cm] 
 []

[100

]
Overfull \hbox (47.33174pt too wide) has occurred while \output is active
 [][][]\T1/FiraSans-LF/regular/n/6 ,[0.08cm] 
 []

[101

]
Overfull \hbox (47.33174pt too wide) has occurred while \output is active
 [][][]\T1/FiraSans-LF/regular/n/6 ,[0.08cm] 
 []

[102

]
Overfull \hbox (47.33174pt too wide) has occurred while \output is active
 [][][]\T1/FiraSans-LF/regular/n/6 ,[0.08cm] 
 []

[103

]
Overfull \hbox (47.33174pt too wide) has occurred while \output is active
 [][][]\T1/FiraSans-LF/regular/n/6 ,[0.08cm] 
 []

[104

]
Overfull \hbox (47.33174pt too wide) has occurred while \output is active
 [][][]\T1/FiraSans-LF/regular/n/6 ,[0.08cm] 
 []

[105

]
Overfull \hbox (47.33174pt too wide) in paragraph at lines 792--792
 [][][]\T1/FiraSans-LF/regular/n/6 ,[0.08cm] 
 []

LaTeX Font Info:    Font shape `T1/FiraSans-LF/b/n' in size <9> not available
(Font)              Font shape `T1/FiraSans-LF/bold/n' tried instead on input l
ine 792.
LaTeX Font Info:    Font shape `T1/FiraSans-LF/bold/n' will be
(Font)              scaled to size 9.0pt on input line 792.
LaTeX Font Info:    Font shape `T1/FiraSans-LF/b/n' in size <7> not available
(Font)              Font shape `T1/FiraSans-LF/bold/n' tried instead on input l
ine 792.
LaTeX Font Info:    Font shape `T1/FiraSans-LF/bold/n' will be
(Font)              scaled to size 7.0pt on input line 792.
LaTeX Font Info:    Font shape `T1/FiraSans-LF/b/n' in size <5> not available
(Font)              Font shape `T1/FiraSans-LF/bold/n' tried instead on input l
ine 792.
LaTeX Font Info:    Font shape `T1/FiraSans-LF/bold/n' will be
(Font)              scaled to size 5.0pt on input line 792.

Overfull \hbox (47.33174pt too wide) has occurred while \output is active
 [][][]\T1/FiraSans-LF/regular/n/6 ,[0.08cm] 
 []

[106

]
Overfull \hbox (47.33174pt too wide) has occurred while \output is active
 [][][]\T1/FiraSans-LF/regular/n/6 ,[0.08cm] 
 []

[107

]
Overfull \hbox (47.33174pt too wide) has occurred while \output is active
 [][][]\T1/FiraSans-LF/regular/n/6 ,[0.08cm] 
 []

[108

]
Overfull \hbox (47.33174pt too wide) has occurred while \output is active
 [][][]\T1/FiraSans-LF/regular/n/6 ,[0.08cm] 
 []

[109

]
Overfull \vbox (1.02473pt too high) detected at line 792
 []


Overfull \hbox (47.33174pt too wide) has occurred while \output is active
 [][][]\T1/FiraSans-LF/regular/n/6 ,[0.08cm] 
 []

[110

]
Overfull \vbox (3.32054pt too high) detected at line 792
 []


Overfull \hbox (47.33174pt too wide) has occurred while \output is active
 [][][]\T1/FiraSans-LF/regular/n/6 ,[0.08cm] 
 []

[111

]
Overfull \vbox (3.32054pt too high) detected at line 792
 []


Overfull \hbox (47.33174pt too wide) has occurred while \output is active
 [][][]\T1/FiraSans-LF/regular/n/6 ,[0.08cm] 
 []

[112

]
Overfull \vbox (3.32054pt too high) detected at line 792
 []


Overfull \hbox (47.33174pt too wide) has occurred while \output is active
 [][][]\T1/FiraSans-LF/regular/n/6 ,[0.08cm] 
 []

[113

]
Overfull \vbox (5.88918pt too high) detected at line 792
 []


Overfull \hbox (47.33174pt too wide) has occurred while \output is active
 [][][]\T1/FiraSans-LF/regular/n/6 ,[0.08cm] 
 []

[114

]
Overfull \vbox (5.88918pt too high) detected at line 792
 []


Overfull \hbox (47.33174pt too wide) has occurred while \output is active
 [][][]\T1/FiraSans-LF/regular/n/6 ,[0.08cm] 
 []

[115

]
Overfull \vbox (5.88918pt too high) detected at line 792
 []


Overfull \hbox (47.33174pt too wide) has occurred while \output is active
 [][][]\T1/FiraSans-LF/regular/n/6 ,[0.08cm] 
 []

[116

]
Overfull \hbox (47.33174pt too wide) in paragraph at lines 825--825
 [][][]\T1/FiraSans-LF/regular/n/6 ,[0.08cm] 
 []


Overfull \hbox (47.33174pt too wide) has occurred while \output is active
 [][][]\T1/FiraSans-LF/regular/n/6 ,[0.08cm] 
 []

[117

]
Overfull \hbox (47.33174pt too wide) has occurred while \output is active
 [][][]\T1/FiraSans-LF/regular/n/6 ,[0.08cm] 
 []

[118

]
Overfull \hbox (47.33174pt too wide) has occurred while \output is active
 [][][]\T1/FiraSans-LF/regular/n/6 ,[0.08cm] 
 []

[119

]
Overfull \hbox (47.33174pt too wide) has occurred while \output is active
 [][][]\T1/FiraSans-LF/regular/n/6 ,[0.08cm] 
 []

[120

]
Overfull \hbox (47.33174pt too wide) has occurred while \output is active
 [][][]\T1/FiraSans-LF/regular/n/6 ,[0.08cm] 
 []

[121

]
Overfull \hbox (47.33174pt too wide) has occurred while \output is active
 [][][]\T1/FiraSans-LF/regular/n/6 ,[0.08cm] 
 []

[122

]
Overfull \hbox (47.33174pt too wide) has occurred while \output is active
 [][][]\T1/FiraSans-LF/regular/n/6 ,[0.08cm] 
 []

[123

]
Overfull \hbox (47.33174pt too wide) has occurred while \output is active
 [][][]\T1/FiraSans-LF/regular/n/6 ,[0.08cm] 
 []

[124

]
Overfull \hbox (47.33174pt too wide) has occurred while \output is active
 [][][]\T1/FiraSans-LF/regular/n/6 ,[0.08cm] 
 []

[125

]
Overfull \hbox (47.33174pt too wide) has occurred while \output is active
 [][][]\T1/FiraSans-LF/regular/n/6 ,[0.08cm] 
 []

[126

]
Overfull \hbox (47.33174pt too wide) has occurred while \output is active
 [][][]\T1/FiraSans-LF/regular/n/6 ,[0.08cm] 
 []

[127

]
Overfull \hbox (47.33174pt too wide) in paragraph at lines 872--872
 [][][]\T1/FiraSans-LF/regular/n/6 ,[0.08cm] 
 []


Overfull \hbox (47.33174pt too wide) has occurred while \output is active
 [][][]\T1/FiraSans-LF/regular/n/6 ,[0.08cm] 
 []

[128

]
Overfull \hbox (47.33174pt too wide) has occurred while \output is active
 [][][]\T1/FiraSans-LF/regular/n/6 ,[0.08cm] 
 []

[129

]
Overfull \hbox (47.33174pt too wide) has occurred while \output is active
 [][][]\T1/FiraSans-LF/regular/n/6 ,[0.08cm] 
 []

[130

]
Overfull \hbox (47.33174pt too wide) has occurred while \output is active
 [][][]\T1/FiraSans-LF/regular/n/6 ,[0.08cm] 
 []

[131

]
Overfull \hbox (47.33174pt too wide) has occurred while \output is active
 [][][]\T1/FiraSans-LF/regular/n/6 ,[0.08cm] 
 []

[132

]
Overfull \hbox (47.33174pt too wide) in paragraph at lines 927--927
 [][][]\T1/FiraSans-LF/regular/n/6 ,[0.08cm] 
 []


Overfull \hbox (47.33174pt too wide) has occurred while \output is active
 [][][]\T1/FiraSans-LF/regular/n/6 ,[0.08cm] 
 []

[133

]
Overfull \hbox (47.33174pt too wide) has occurred while \output is active
 [][][]\T1/FiraSans-LF/regular/n/6 ,[0.08cm] 
 []

[134

]
Overfull \hbox (47.33174pt too wide) has occurred while \output is active
 [][][]\T1/FiraSans-LF/regular/n/6 ,[0.08cm] 
 []

[135

]
Overfull \hbox (47.33174pt too wide) has occurred while \output is active
 [][][]\T1/FiraSans-LF/regular/n/6 ,[0.08cm] 
 []

[136

]
Overfull \hbox (45.17456pt too wide) in paragraph at lines 927--927
 [][] 
 []


Overfull \hbox (47.33174pt too wide) has occurred while \output is active
 [][][]\T1/FiraSans-LF/regular/n/6 ,[0.08cm] 
 []

[137

]
Overfull \hbox (45.17456pt too wide) in paragraph at lines 927--927
 [][] 
 []


Overfull \hbox (47.33174pt too wide) has occurred while \output is active
 [][][]\T1/FiraSans-LF/regular/n/6 ,[0.08cm] 
 []

[138

]
Overfull \hbox (45.17456pt too wide) in paragraph at lines 927--927
 [][] 
 []


Overfull \hbox (47.33174pt too wide) has occurred while \output is active
 [][][]\T1/FiraSans-LF/regular/n/6 ,[0.08cm] 
 []

[139

]
Overfull \hbox (45.17456pt too wide) in paragraph at lines 927--927
 [][] 
 []


Overfull \hbox (47.33174pt too wide) has occurred while \output is active
 [][][]\T1/FiraSans-LF/regular/n/6 ,[0.08cm] 
 []

[140

]
Overfull \hbox (45.17456pt too wide) in paragraph at lines 927--927
 [][] 
 []


Overfull \hbox (33.65222pt too wide) in paragraph at lines 927--927
   [] 
 []


Overfull \hbox (47.33174pt too wide) has occurred while \output is active
 [][][]\T1/FiraSans-LF/regular/n/6 ,[0.08cm] 
 []

[141

]
Overfull \hbox (47.33174pt too wide) in paragraph at lines 996--996
 [][][]\T1/FiraSans-LF/regular/n/6 ,[0.08cm] 
 []


Overfull \hbox (47.33174pt too wide) has occurred while \output is active
 [][][]\T1/FiraSans-LF/regular/n/6 ,[0.08cm] 
 []

[142

]
Overfull \hbox (47.33174pt too wide) has occurred while \output is active
 [][][]\T1/FiraSans-LF/regular/n/6 ,[0.08cm] 
 []

[143

]
Overfull \hbox (47.33174pt too wide) has occurred while \output is active
 [][][]\T1/FiraSans-LF/regular/n/6 ,[0.08cm] 
 []

[144

]
Overfull \hbox (47.33174pt too wide) has occurred while \output is active
 [][][]\T1/FiraSans-LF/regular/n/6 ,[0.08cm] 
 []

[145

]
Overfull \hbox (47.33174pt too wide) has occurred while \output is active
 [][][]\T1/FiraSans-LF/regular/n/6 ,[0.08cm] 
 []

[146

]
Overfull \hbox (47.33174pt too wide) has occurred while \output is active
 [][][]\T1/FiraSans-LF/regular/n/6 ,[0.08cm] 
 []

[147

]
Overfull \hbox (47.33174pt too wide) has occurred while \output is active
 [][][]\T1/FiraSans-LF/regular/n/6 ,[0.08cm] 
 []

[148

]
Overfull \hbox (47.33174pt too wide) has occurred while \output is active
 [][][]\T1/FiraSans-LF/regular/n/6 ,[0.08cm] 
 []

[149

]
Overfull \hbox (47.33174pt too wide) in paragraph at lines 1043--1043
 [][][]\T1/FiraSans-LF/regular/n/6 ,[0.08cm] 
 []


Overfull \hbox (47.33174pt too wide) has occurred while \output is active
 [][][]\T1/FiraSans-LF/regular/n/6 ,[0.08cm] 
 []

[150

]
Overfull \hbox (47.33174pt too wide) has occurred while \output is active
 [][][]\T1/FiraSans-LF/regular/n/6 ,[0.08cm] 
 []

[151

]
Overfull \hbox (47.33174pt too wide) has occurred while \output is active
 [][][]\T1/FiraSans-LF/regular/n/6 ,[0.08cm] 
 []

[152

]
Overfull \hbox (47.33174pt too wide) has occurred while \output is active
 [][][]\T1/FiraSans-LF/regular/n/6 ,[0.08cm] 
 []

[153

]
Overfull \hbox (47.33174pt too wide) has occurred while \output is active
 [][][]\T1/FiraSans-LF/regular/n/6 ,[0.08cm] 
 []

[154

]
Overfull \hbox (47.33174pt too wide) has occurred while \output is active
 [][][]\T1/FiraSans-LF/regular/n/6 ,[0.08cm] 
 []

[155

]
Overfull \hbox (47.33174pt too wide) in paragraph at lines 1103--1103
 [][][]\T1/FiraSans-LF/regular/n/6 ,[0.08cm] 
 []


Overfull \hbox (47.33174pt too wide) has occurred while \output is active
 [][][]\T1/FiraSans-LF/regular/n/6 ,[0.08cm] 
 []

[156

]
Overfull \hbox (47.33174pt too wide) has occurred while \output is active
 [][][]\T1/FiraSans-LF/regular/n/6 ,[0.08cm] 
 []

[157

]
Overfull \hbox (47.33174pt too wide) has occurred while \output is active
 [][][]\T1/FiraSans-LF/regular/n/6 ,[0.08cm] 
 []

[158

]
Overfull \hbox (47.33174pt too wide) has occurred while \output is active
 [][][]\T1/FiraSans-LF/regular/n/6 ,[0.08cm] 
 []

[159

]
Overfull \hbox (47.33174pt too wide) has occurred while \output is active
 [][][]\T1/FiraSans-LF/regular/n/6 ,[0.08cm] 
 []

[160

]
Overfull \hbox (47.33174pt too wide) has occurred while \output is active
 [][][]\T1/FiraSans-LF/regular/n/6 ,[0.08cm] 
 []

[161

]
Overfull \hbox (47.33174pt too wide) has occurred while \output is active
 [][][]\T1/FiraSans-LF/regular/n/6 ,[0.08cm] 
 []

[162

]
Overfull \vbox (2.6382pt too high) detected at line 1103
 []


Overfull \hbox (47.33174pt too wide) has occurred while \output is active
 [][][]\T1/FiraSans-LF/regular/n/6 ,[0.08cm] 
 []

[163

]
Overfull \hbox (47.33174pt too wide) in paragraph at lines 1177--1177
 [][][]\T1/FiraSans-LF/regular/n/6 ,[0.08cm] 
 []


Overfull \hbox (47.33174pt too wide) has occurred while \output is active
 [][][]\T1/FiraSans-LF/regular/n/6 ,[0.08cm] 
 []

[164

]
Overfull \hbox (47.33174pt too wide) has occurred while \output is active
 [][][]\T1/FiraSans-LF/regular/n/6 ,[0.08cm] 
 []

[165

]
Overfull \hbox (47.33174pt too wide) has occurred while \output is active
 [][][]\T1/FiraSans-LF/regular/n/6 ,[0.08cm] 
 []

[166

]
Overfull \hbox (47.33174pt too wide) has occurred while \output is active
 [][][]\T1/FiraSans-LF/regular/n/6 ,[0.08cm] 
 []

[167

]
Overfull \hbox (47.33174pt too wide) has occurred while \output is active
 [][][]\T1/FiraSans-LF/regular/n/6 ,[0.08cm] 
 []

[168

]
Overfull \hbox (47.33174pt too wide) has occurred while \output is active
 [][][]\T1/FiraSans-LF/regular/n/6 ,[0.08cm] 
 []

[169

]
Overfull \hbox (47.33174pt too wide) in paragraph at lines 1220--1220
 [][][]\T1/FiraSans-LF/regular/n/6 ,[0.08cm] 
 []


Overfull \hbox (47.33174pt too wide) has occurred while \output is active
 [][][]\T1/FiraSans-LF/regular/n/6 ,[0.08cm] 
 []

[170

]
Overfull \hbox (47.33174pt too wide) has occurred while \output is active
 [][][]\T1/FiraSans-LF/regular/n/6 ,[0.08cm] 
 []

[171

]
Overfull \hbox (47.33174pt too wide) has occurred while \output is active
 [][][]\T1/FiraSans-LF/regular/n/6 ,[0.08cm] 
 []

[172

]
Overfull \hbox (47.33174pt too wide) has occurred while \output is active
 [][][]\T1/FiraSans-LF/regular/n/6 ,[0.08cm] 
 []

[173

]
Overfull \hbox (47.33174pt too wide) has occurred while \output is active
 [][][]\T1/FiraSans-LF/regular/n/6 ,[0.08cm] 
 []

[174

]
Overfull \hbox (47.33174pt too wide) has occurred while \output is active
 [][][]\T1/FiraSans-LF/regular/n/6 ,[0.08cm] 
 []

[175

]
Overfull \hbox (47.33174pt too wide) in paragraph at lines 1238--1238
 [][][]\T1/FiraSans-LF/regular/n/6 ,[0.08cm] 
 []


Overfull \hbox (47.33174pt too wide) has occurred while \output is active
 [][][]\T1/FiraSans-LF/regular/n/6 ,[0.08cm] 
 []

[176

]
Overfull \hbox (47.33174pt too wide) has occurred while \output is active
 [][][]\T1/FiraSans-LF/regular/n/6 ,[0.08cm] 
 []

[177

]
Overfull \hbox (47.33174pt too wide) has occurred while \output is active
 [][][]\T1/FiraSans-LF/regular/n/6 ,[0.08cm] 
 []

[178

]
Overfull \hbox (47.33174pt too wide) in paragraph at lines 1255--1255
 [][][]\T1/FiraSans-LF/regular/n/6 ,[0.08cm] 
 []


Overfull \hbox (47.33174pt too wide) has occurred while \output is active
 [][][]\T1/FiraSans-LF/regular/n/6 ,[0.08cm] 
 []

[179

]
Overfull \hbox (47.33174pt too wide) has occurred while \output is active
 [][][]\T1/FiraSans-LF/regular/n/6 ,[0.08cm] 
 []

[180

]
\tf@nav=\write6
\openout6 = `1rBAT_Teoria_ExponencialsLogaritmes.nav'.

\tf@toc=\write7
\openout7 = `1rBAT_Teoria_ExponencialsLogaritmes.toc'.

\tf@snm=\write8
\openout8 = `1rBAT_Teoria_ExponencialsLogaritmes.snm'.

 (1rBAT_Teoria_ExponencialsLogaritmes.aux)
 ***********
LaTeX2e <2026-06-01>
L3 programming layer <2026-05-26>
 ***********
Package rerunfilecheck Info: File `1rBAT_Teoria_ExponencialsLogaritmes.out' has
 not changed.
(rerunfilecheck)             Checksum: FC4E53BD51B3999A7FA945BB4058D45B;1119.
 ) 
Here is how much of TeX's memory you used:
 43229 strings out of 467509
 1029652 string characters out of 5408780
 1638228 words of memory out of 5000000
 71356 multiletter control sequences out of 15000+600000
 1028668 words of font info for 123 fonts, out of 8000000 for 9000
 1141 hyphenation exceptions out of 8191
 128i,14n,123p,758b,2456s stack positions out of 10000i,1000n,20000p,200000b,200000s
<C:/Users/jotav/AppData/Local/Programs/MiKTeX/fonts/type1/public/fira/FiraSan
s-Bold.pfb><C:/Users/jotav/AppData/Local/Programs/MiKTeX/fonts/type1/public/fir
a/FiraSans-Italic.pfb><C:/Users/jotav/AppData/Local/Programs/MiKTeX/fonts/type1
/public/fira/FiraSans-Regular.pfb><C:/Users/jotav/AppData/Local/Programs/MiKTeX
/fonts/type1/public/amsfonts/cm/cmex10.pfb><C:/Users/jotav/AppData/Local/Progra
ms/MiKTeX/fonts/type1/public/amsfonts/cmextra/cmex7.pfb><C:/Users/jotav/AppData
/Local/Programs/MiKTeX/fonts/type1/public/amsfonts/cmextra/cmex8.pfb><C:/Users/
jotav/AppData/Local/Programs/MiKTeX/fonts/type1/public/amsfonts/cm/cmmi10.pfb><
C:/Users/jotav/AppData/Local/Programs/MiKTeX/fonts/type1/public/amsfonts/cm/cms
y10.pfb><C:/Users/jotav/AppData/Local/Programs/MiKTeX/fonts/type1/public/amsfon
ts/cm/cmsy5.pfb><C:/Users/jotav/AppData/Local/Programs/MiKTeX/fonts/type1/publi
c/amsfonts/cm/cmsy6.pfb><C:/Users/jotav/AppData/Local/Programs/MiKTeX/fonts/typ
e1/public/amsfonts/cm/cmsy8.pfb><C:/Users/jotav/AppData/Local/Programs/MiKTeX/f
onts/type1/public/amsfonts/cm/cmsy9.pfb><C:/Users/jotav/AppData/Local/Programs/
MiKTeX/fonts/type1/public/amsfonts/symbols/msbm10.pfb>
Output written on 1rBAT_Teoria_ExponencialsLogaritmes.pdf (180 pages, 791699 by
tes).
PDF statistics:
 1136 PDF objects out of 1200 (max. 8388607)
 369 named destinations out of 1000 (max. 500000)
 112 words of extra memory for PDF output out of 10000 (max. 10000000)

